[    0.000000] Initializing cgroup subsys cpuset
[    0.000000] Initializing cgroup subsys cpu
[    0.000000] Initializing cgroup subsys cpuacct
[    0.000000] Linux version 4.4.0-89-generic (buildd@lgw01-18) (gcc version 5.4.0 20160609 (Ubuntu 5.4.0-6ubuntu1~16.04.4) ) #112-Ubuntu SMP Mon Jul 31 19:38:41 UTC 2017 (Ubuntu 4.4.0-89.112-generic 4.4.76)
[    0.000000] Command line: BOOT_IMAGE=/boot/vmlinuz-4.4.0-89-generic root=LABEL=cloudimg-rootfs ro console=tty1 console=ttyS0
[    0.000000] KERNEL supported cpus:
[    0.000000]   Intel GenuineIntel
[    0.000000]   AMD AuthenticAMD
[    0.000000]   Centaur CentaurHauls
[    0.000000] x86/fpu: xstate_offset[2]:  576, xstate_sizes[2]:  256
[    0.000000] x86/fpu: Supporting XSAVE feature 0x01: 'x87 floating point registers'
[    0.000000] x86/fpu: Supporting XSAVE feature 0x02: 'SSE registers'
[    0.000000] x86/fpu: Supporting XSAVE feature 0x04: 'AVX registers'
[    0.000000] x86/fpu: Enabled xstate features 0x7, context size is 832 bytes, using 'standard' format.
[    0.000000] x86/fpu: Using 'lazy' FPU context switches.
[    0.000000] e820: BIOS-provided physical RAM map:
[    0.000000] BIOS-e820: [mem 0x0000000000000000-0x000000000009fbff] usable
[    0.000000] BIOS-e820: [mem 0x000000000009fc00-0x000000000009ffff] reserved
[    0.000000] BIOS-e820: [mem 0x00000000000f0000-0x00000000000fffff] reserved
[    0.000000] BIOS-e820: [mem 0x0000000000100000-0x000000003ffeffff] usable
[    0.000000] BIOS-e820: [mem 0x000000003fff0000-0x000000003fffffff] ACPI data
[    0.000000] BIOS-e820: [mem 0x00000000fec00000-0x00000000fec00fff] reserved
[    0.000000] BIOS-e820: [mem 0x00000000fee00000-0x00000000fee00fff] reserved
[    0.000000] BIOS-e820: [mem 0x00000000fffc0000-0x00000000ffffffff] reserved
[    0.000000] NX (Execute Disable) protection: active
[    0.000000] SMBIOS 2.5 present.
[    0.000000] Hypervisor detected: KVM
[    0.000000] e820: last_pfn = 0x3fff0 max_arch_pfn = 0x400000000
[    0.000000] MTRR: Disabled
[    0.000000] x86/PAT: MTRRs disabled, skipping PAT initialization too.
[    0.000000] x86/PAT: Configuration [0-7]: WB  WT  UC- UC  WB  WT  UC- UC  
[    0.000000] CPU MTRRs all blank - virtualized system.
[    0.000000] found SMP MP-table at [mem 0x0009fff0-0x0009ffff] mapped at [ffff88000009fff0]
[    0.000000] Scanning 1 areas for low memory corruption
[    0.000000] RAMDISK: [mem 0x36ac4000-0x37559fff]
[    0.000000] ACPI: Early table checksum verification disabled
[    0.000000] ACPI: RSDP 0x00000000000E0000 000024 (v02 VBOX  )
[    0.000000] ACPI: XSDT 0x000000003FFF0030 00003C (v01 VBOX   VBOXXSDT 00000001 ASL  00000061)
[    0.000000] ACPI: FACP 0x000000003FFF00F0 0000F4 (v04 VBOX   VBOXFACP 00000001 ASL  00000061)
[    0.000000] ACPI: DSDT 0x000000003FFF0470 0021C8 (v02 VBOX   VBOXBIOS 00000002 INTL 20100528)
[    0.000000] ACPI: FACS 0x000000003FFF0200 000040
[    0.000000] ACPI: FACS 0x000000003FFF0200 000040
[    0.000000] ACPI: APIC 0x000000003FFF0240 00005C (v02 VBOX   VBOXAPIC 00000001 ASL  00000061)
[    0.000000] ACPI: SSDT 0x000000003FFF02A0 0001CC (v01 VBOX   VBOXCPUT 00000002 INTL 20100528)
[    0.000000] No NUMA configuration found
[    0.000000] Faking a node at [mem 0x0000000000000000-0x000000003ffeffff]
[    0.000000] NODE_DATA(0) allocated [mem 0x3ffeb000-0x3ffeffff]
[    0.000000] kvm-clock: Using msrs 4b564d01 and 4b564d00
[    0.000000] kvm-clock: cpu 0, msr 0:3ffe3001, primary cpu clock
[    0.000000] kvm-clock: using sched offset of 3352628098 cycles
[    0.000000] clocksource: kvm-clock: mask: 0xffffffffffffffff max_cycles: 0x1cd42e4dffb, max_idle_ns: 881590591483 ns
[    0.000000] Zone ranges:
[    0.000000]   DMA      [mem 0x0000000000001000-0x0000000000ffffff]
[    0.000000]   DMA32    [mem 0x0000000001000000-0x000000003ffeffff]
[    0.000000]   Normal   empty
[    0.000000]   Device   empty
[    0.000000] Movable zone start for each node
[    0.000000] Early memory node ranges
[    0.000000]   node   0: [mem 0x0000000000001000-0x000000000009efff]
[    0.000000]   node   0: [mem 0x0000000000100000-0x000000003ffeffff]
[    0.000000] Initmem setup node 0 [mem 0x0000000000001000-0x000000003ffeffff]
[    0.000000] ACPI: PM-Timer IO Port: 0x4008
[    0.000000] IOAPIC[0]: apic_id 2, version 32, address 0xfec00000, GSI 0-23
[    0.000000] ACPI: INT_SRC_OVR (bus 0 bus_irq 0 global_irq 2 dfl dfl)
[    0.000000] ACPI: INT_SRC_OVR (bus 0 bus_irq 9 global_irq 9 high level)
[    0.000000] Using ACPI (MADT) for SMP configuration information
[    0.000000] smpboot: Allowing 2 CPUs, 0 hotplug CPUs
[    0.000000] PM: Registered nosave memory: [mem 0x00000000-0x00000fff]
[    0.000000] PM: Registered nosave memory: [mem 0x0009f000-0x0009ffff]
[    0.000000] PM: Registered nosave memory: [mem 0x000a0000-0x000effff]
[    0.000000] PM: Registered nosave memory: [mem 0x000f0000-0x000fffff]
[    0.000000] e820: [mem 0x40000000-0xfebfffff] available for PCI devices
[    0.000000] Booting paravirtualized kernel on KVM
[    0.000000] clocksource: refined-jiffies: mask: 0xffffffff max_cycles: 0xffffffff, max_idle_ns: 7645519600211568 ns
[    0.000000] setup_percpu: NR_CPUS:512 nr_cpumask_bits:512 nr_cpu_ids:2 nr_node_ids:1
[    0.000000] PERCPU: Embedded 33 pages/cpu @ffff88003fc00000 s98264 r8192 d28712 u1048576
[    0.000000] PV qspinlock hash table entries: 256 (order: 0, 4096 bytes)
[    0.000000] Built 1 zonelists in Node order, mobility grouping on.  Total pages: 257913
[    0.000000] Policy zone: DMA32
[    0.000000] Kernel command line: BOOT_IMAGE=/boot/vmlinuz-4.4.0-89-generic root=LABEL=cloudimg-rootfs ro console=tty1 console=ttyS0
[    0.000000] PID hash table entries: 4096 (order: 3, 32768 bytes)
[    0.000000] Memory: 1001736K/1048120K available (8474K kernel code, 1294K rwdata, 3984K rodata, 1488K init, 1316K bss, 46384K reserved, 0K cma-reserved)
[    0.000000] SLUB: HWalign=64, Order=0-3, MinObjects=0, CPUs=2, Nodes=1
[    0.000000] Hierarchical RCU implementation.
[    0.000000] 	Build-time adjustment of leaf fanout to 64.
[    0.000000] 	RCU restricting CPUs from NR_CPUS=512 to nr_cpu_ids=2.
[    0.000000] RCU: Adjusting geometry for rcu_fanout_leaf=64, nr_cpu_ids=2
[    0.000000] NR_IRQS:33024 nr_irqs:440 16
[    0.000000] Console: colour VGA+ 80x25
[    0.000000] console [tty1] enabled
[    0.000000] console [ttyS0] enabled
[    0.000000] tsc: Detected 1599.999 MHz processor
[    1.603467] Calibrating delay loop (skipped) preset value.. 3199.99 BogoMIPS (lpj=6399996)
[    1.675765] pid_max: default: 32768 minimum: 301
[    1.731317] ACPI: Core revision 20150930
[    1.780053] ACPI: 2 ACPI AML tables successfully acquired and loaded
[    1.857895] Security Framework initialized
[    1.906629] Yama: becoming mindful.
[    1.949456] AppArmor: AppArmor initialized
[    1.993947] Dentry cache hash table entries: 131072 (order: 8, 1048576 bytes)
[    2.058802] Inode-cache hash table entries: 65536 (order: 7, 524288 bytes)
[    2.089499] Mount-cache hash table entries: 2048 (order: 2, 16384 bytes)
[    2.146577] Mountpoint-cache hash table entries: 2048 (order: 2, 16384 bytes)
[    2.220027] Initializing cgroup subsys io
[    2.265770] Initializing cgroup subsys memory
[    2.313369] Initializing cgroup subsys devices
[    2.334412] Initializing cgroup subsys freezer
[    2.359824] Initializing cgroup subsys net_cls
[    2.405220] Initializing cgroup subsys perf_event
[    2.442738] Initializing cgroup subsys net_prio
[    2.449366] Initializing cgroup subsys hugetlb
[    2.486356] Initializing cgroup subsys pids
[    2.537634] CPU: Physical Processor ID: 0
[    2.539103] CPU: Processor Core ID: 0
[    2.543439] mce: CPU supports 0 MCE banks
[    2.544637] Last level iTLB entries: 4KB 64, 2MB 8, 4MB 8
[    2.570479] Last level dTLB entries: 4KB 64, 2MB 0, 4MB 0, 1GB 4
[    2.619227] Freeing SMP alternatives memory: 32K (ffffffff820b9000 - ffffffff820c1000)
[    2.697222] ftrace: allocating 32131 entries in 126 pages
[    2.817517] smpboot: APIC(0) Converting physical 0 to logical package 0
[    2.906756] smpboot: Max logical packages: 1
[    2.955580] x2apic enabled
[    2.964837] Switched APIC routing to physical x2apic.
[    3.024534] ..TIMER: vector=0x30 apic1=0 pin1=2 apic2=-1 pin2=-1
[    3.201672] smpboot: CPU0: Intel(R) Core(TM) i5-5250U CPU @ 1.60GHz (family: 0x6, model: 0x3d, stepping: 0x4)
[    3.293792] Performance Events: unsupported p6 CPU model 61 no PMU driver, software events only.
[    3.353534] KVM setup paravirtual spinlock
[    3.387941] x86: Booting SMP configuration:
[    3.425748] .... node  #0, CPUs:      #1
[    3.427154] kvm-clock: cpu 1, msr 0:3ffe3041, secondary cpu clock
[    3.448736] mce: CPU supports 0 MCE banks
[    3.463654] x86: Booted up 1 node, 2 CPUs
[    3.476633] smpboot: Total of 2 processors activated (6399.99 BogoMIPS)
[    3.486047] devtmpfs: initialized
[    3.498134] evm: security.selinux
[    3.501686] evm: security.SMACK64
[    3.507342] evm: security.SMACK64EXEC
[    3.520498] evm: security.SMACK64TRANSMUTE
[    3.527051] evm: security.SMACK64MMAP
[    3.532818] evm: security.ima
[    3.535840] evm: security.capability
[    3.541561] clocksource: jiffies: mask: 0xffffffff max_cycles: 0xffffffff, max_idle_ns: 7645041785100000 ns
[    3.545670] futex hash table entries: 512 (order: 3, 32768 bytes)
[    3.554970] pinctrl core: initialized pinctrl subsystem
[    3.560616] RTC time: 11:08:04, date: 08/11/17
[    3.584046] NET: Registered protocol family 16
[    3.606897] cpuidle: using governor ladder
[    3.643234] cpuidle: using governor menu
[    3.659269] PCCT header not found.
[    3.662070] ACPI: bus type PCI registered
[    3.663347] acpiphp: ACPI Hot Plug PCI Controller Driver version: 0.5
[    3.665242] PCI: Using configuration type 1 for base access
[    3.681167] ACPI: Added _OSI(Module Device)
[    3.682420] ACPI: Added _OSI(Processor Device)
[    3.709122] ACPI: Added _OSI(3.0 _SCP Extensions)
[    3.722965] ACPI: Added _OSI(Processor Aggregator Device)
[    3.731780] ACPI: Executed 1 blocks of module-level executable AML code
[    3.757550] ACPI: Interpreter enabled
[    3.773168] ACPI: (supports S0 S5)
[    3.792352] ACPI: Using IOAPIC for interrupt routing
[    3.819614] PCI: Using host bridge windows from ACPI; if necessary, use "pci=nocrs" and report a bug
[    3.878484] ACPI: PCI Root Bridge [PCI0] (domain 0000 [bus 00-ff])
[    3.947044] acpi PNP0A03:00: _OSC: OS supports [ASPM ClockPM Segments MSI]
[    3.997942] acpi PNP0A03:00: _OSC failed (AE_NOT_FOUND); disabling ASPM
[    4.054982] acpi PNP0A03:00: fail to add MMCONFIG information, can't access extended PCI configuration space under this bridge.
[    4.160387] PCI host bridge to bus 0000:00
[    4.175460] pci_bus 0000:00: root bus resource [io  0x0000-0x0cf7 window]
[    4.233342] pci_bus 0000:00: root bus resource [io  0x0d00-0xffff window]
[    4.279230] pci_bus 0000:00: root bus resource [mem 0x000a0000-0x000bffff window]
[    4.351130] pci_bus 0000:00: root bus resource [mem 0x40000000-0xffdfffff window]
[    4.412360] pci_bus 0000:00: root bus resource [bus 00-ff]
[    4.465949] pci 0000:00:01.1: legacy IDE quirk: reg 0x10: [io  0x01f0-0x01f7]
[    4.511418] pci 0000:00:01.1: legacy IDE quirk: reg 0x14: [io  0x03f6]
[    4.560216] pci 0000:00:01.1: legacy IDE quirk: reg 0x18: [io  0x0170-0x0177]
[    4.564674] pci 0000:00:01.1: legacy IDE quirk: reg 0x1c: [io  0x0376]
[    4.593637] pci 0000:00:07.0: quirk: [io  0x4000-0x403f] claimed by PIIX4 ACPI
[    4.651878] pci 0000:00:07.0: quirk: [io  0x4100-0x410f] claimed by PIIX4 SMB
[    4.689825] ACPI: PCI Interrupt Link [LNKA] (IRQs 5 9 10 *11)
[    4.757262] ACPI: PCI Interrupt Link [LNKB] (IRQs 5 9 10 *11)
[    4.795394] ACPI: PCI Interrupt Link [LNKC] (IRQs 5 9 *10 11)
[    4.807358] ACPI: PCI Interrupt Link [LNKD] (IRQs 5 *9 10 11)
[    4.861370] ACPI: Enabled 2 GPEs in block 00 to 07
[    4.905785] vgaarb: setting as boot device: PCI:0000:00:02.0
[    4.928304] vgaarb: device added: PCI:0000:00:02.0,decodes=io+mem,owns=io+mem,locks=none
[    4.995723] vgaarb: loaded
[    5.025697] vgaarb: bridge control possible 0000:00:02.0
[    5.074354] SCSI subsystem initialized
[    5.098909] ACPI: bus type USB registered
[    5.142402] usbcore: registered new interface driver usbfs
[    5.170664] usbcore: registered new interface driver hub
[    5.198132] usbcore: registered new device driver usb
[    5.241603] PCI: Using ACPI for IRQ routing
[    5.278361] NetLabel: Initializing
[    5.296365] NetLabel:  domain hash size = 128
[    5.332463] NetLabel:  protocols = UNLABELED CIPSOv4
[    5.368601] NetLabel:  unlabeled traffic allowed by default
[    5.423724] amd_nb: Cannot enumerate AMD northbridges
[    5.478785] clocksource: Switched to clocksource kvm-clock
[    5.523290] AppArmor: AppArmor Filesystem Enabled
[    5.536017] pnp: PnP ACPI init
[    5.543611] pnp: PnP ACPI: found 3 devices
[    5.593828] clocksource: acpi_pm: mask: 0xffffff max_cycles: 0xffffff, max_idle_ns: 2085701024 ns
[    5.698622] NET: Registered protocol family 2
[    5.705025] TCP established hash table entries: 8192 (order: 4, 65536 bytes)
[    5.814609] TCP bind hash table entries: 8192 (order: 5, 131072 bytes)
[    5.926035] TCP: Hash tables configured (established 8192 bind 8192)
[    6.046961] UDP hash table entries: 512 (order: 2, 16384 bytes)
[    6.113567] UDP-Lite hash table entries: 512 (order: 2, 16384 bytes)
[    6.184128] NET: Registered protocol family 1
[    6.270650] pci 0000:00:00.0: Limiting direct PCI/PCI transfers
[    6.401319] pci 0000:00:01.0: Activating ISA DMA hang workarounds
[    6.524870] Unpacking initramfs...
[    8.725210] Freeing initrd memory: 10840K (ffff880036ac4000 - ffff88003755a000)
[    8.858019] RAPL PMU detected, API unit is 2^-32 Joules, 4 fixed counters 10737418240 ms ovfl timer
[    8.956158] hw unit of domain pp0-core 2^-0 Joules
[    9.037175] hw unit of domain package 2^-0 Joules
[    9.070925] hw unit of domain dram 2^-0 Joules
[    9.072176] hw unit of domain pp1-gpu 2^-0 Joules
[    9.092207] platform rtc_cmos: registered platform RTC device (no PNP device found)
[    9.166633] Scanning for low memory corruption every 60 seconds
[    9.229893] audit: initializing netlink subsys (disabled)
[    9.283564] audit: type=2000 audit(1502449690.681:1): initialized
[    9.299299] Initialise system trusted keyring
[    9.353117] HugeTLB registered 2 MB page size, pre-allocated 0 pages
[    9.428924] zbud: loaded
[    9.448973] VFS: Disk quotas dquot_6.6.0
[    9.476300] VFS: Dquot-cache hash table entries: 512 (order 0, 4096 bytes)
[    9.593353] squashfs: version 4.0 (2009/01/31) Phillip Lougher
[    9.715956] fuse init (API version 7.23)
[    9.785756] Key type big_key registered
[    9.827409] Allocating IMA MOK and blacklist keyrings.
[    9.897212] Key type asymmetric registered
[    9.924807] Asymmetric key parser 'x509' registered
[    9.975588] Block layer SCSI generic (bsg) driver version 0.4 loaded (major 249)
[   10.033643] io scheduler noop registered
[   10.087599] io scheduler deadline registered (default)
[   10.127493] tsc: Refined TSC clocksource calibration: 1600.361 MHz
[   10.134989] io scheduler cfq registered
[   10.135114] pci_hotplug: PCI Hot Plug PCI Core version: 0.5
[   10.135120] pciehp: PCI Express Hot Plug Controller Driver version: 0.4
[   10.135465] ACPI: AC Adapter [AC] (off-line)
[   10.135555] input: Power Button as /devices/LNXSYSTM:00/LNXPWRBN:00/input/input0
[   10.135558] ACPI: Power Button [PWRF]
[   10.135638] input: Sleep Button as /devices/LNXSYSTM:00/LNXSLPBN:00/input/input1
[   10.135639] ACPI: Sleep Button [SLPF]
[   10.185404] GHES: HEST is not enabled!
[   10.187107] ACPI: Battery Slot [BAT0] (battery present)
[   10.187208] Serial: 8250/16550 driver, 32 ports, IRQ sharing enabled
[   10.257166] 00:02: ttyS0 at I/O 0x3f8 (irq = 4, base_baud = 115200) is a 16550A
[   10.286996] Linux agpgart interface v0.103
[   10.371763] loop: module loaded
[   10.372382] scsi host0: ata_piix
[   10.372440] scsi host1: ata_piix
[   10.372471] ata1: PATA max UDMA/33 cmd 0x1f0 ctl 0x3f6 bmdma 0xd000 irq 14
[   10.372472] ata2: PATA max UDMA/33 cmd 0x170 ctl 0x376 bmdma 0xd008 irq 15
[   10.372546] libphy: Fixed MDIO Bus: probed
[   10.372549] tun: Universal TUN/TAP device driver, 1.6
[   10.372549] tun: (C) 1999-2004 Max Krasnyansky <maxk@qualcomm.com>
[   10.372870] PPP generic driver version 2.4.2
[   10.372925] ehci_hcd: USB 2.0 'Enhanced' Host Controller (EHCI) Driver
[   10.372930] ehci-pci: EHCI PCI platform driver
[   10.372946] ehci-platform: EHCI generic platform driver
[   10.372956] ohci_hcd: USB 1.1 'Open' Host Controller (OHCI) Driver
[   10.372959] ohci-pci: OHCI PCI platform driver
[   10.372967] ohci-platform: OHCI generic platform driver
[   10.372974] uhci_hcd: USB Universal Host Controller Interface driver
[   10.373030] i8042: PNP: PS/2 Controller [PNP0303:PS2K,PNP0f03:PS2M] at 0x60,0x64 irq 1,12
[   10.410209] serio: i8042 KBD port at 0x60,0x64 irq 1
[   10.410218] serio: i8042 AUX port at 0x60,0x64 irq 12
[   10.410442] mousedev: PS/2 mouse device common for all mice
[   10.411054] rtc_cmos rtc_cmos: rtc core: registered rtc_cmos as rtc0
[   10.411162] rtc_cmos rtc_cmos: alarms up to one day, 114 bytes nvram
[   10.411175] i2c /dev entries driver
[   10.411265] device-mapper: uevent: version 1.0.3
[   10.411351] device-mapper: ioctl: 4.34.0-ioctl (2015-10-28) initialised: dm-devel@redhat.com
[   10.411376] ledtrig-cpu: registered to indicate activity on CPUs
[   10.411757] NET: Registered protocol family 10
[   10.411939] NET: Registered protocol family 17
[   10.411948] Key type dns_resolver registered
[   10.412455] microcode: CPU0 sig=0x306d4, pf=0x40, revision=0x0
[   10.412463] microcode: CPU1 sig=0x306d4, pf=0x40, revision=0x0
[   10.412497] microcode: Microcode Update Driver: v2.01 <tigran@aivazian.fsnet.co.uk>, Peter Oruba
[   10.412697] registered taskstats version 1
[   10.412713] Loading compiled-in X.509 certificates
[   10.413418] Loaded X.509 cert 'Build time autogenerated kernel key: 420a71e958a947963108b13c1c2e45412a03ca90'
[   10.413439] zswap: loaded using pool lzo/zbud
[   10.415480] Key type trusted registered
[   10.418572] Key type encrypted registered
[   10.418581] AppArmor: AppArmor sha1 policy hashing enabled
[   10.418585] ima: No TPM chip found, activating TPM-bypass!
[   10.418614] evm: HMAC attrs: 0x1
[   10.419138]   Magic number: 13:69:125
[   10.419181] acpi device:00: hash matches
[   10.420099] rtc_cmos rtc_cmos: setting system clock to 2017-08-11 11:08:11 UTC (1502449691)
[   10.420333] BIOS EDD facility v0.16 2004-Jun-25, 0 devices found
[   10.420333] EDD information not available.
[   10.673031] input: AT Translated Set 2 keyboard as /devices/platform/i8042/serio0/input/input2
[   12.145579] clocksource: tsc: mask: 0xffffffffffffffff max_cycles: 0x171179efea6, max_idle_ns: 440795240432 ns
[   12.223555] Freeing unused kernel memory: 1488K (ffffffff81f45000 - ffffffff820b9000)
[   12.249883] Write protecting the kernel read-only data: 14336k
[   12.259468] Freeing unused kernel memory: 1752K (ffff88000184a000 - ffff880001a00000)
[   12.292022] Freeing unused kernel memory: 112K (ffff880001de4000 - ffff880001e00000)
Loading, please wait...
starting version[   12.373118] random: systemd-udevd: uninitialized urandom read (16 bytes read, 7 bits of entropy available)
 229
[   12.374112] random: udevadm: uninitialized urandom read (16 bytes read, 7 bits of entropy available)
[   12.374166] random: udevadm: uninitialized urandom read (16 bytes read, 7 bits of entropy available)
[   12.374448] random: udevadm: uninitialized urandom read (16 bytes read, 7 bits of entropy available)
[   12.374542] random: udevadm: uninitialized urandom read (16 bytes read, 7 bits of entropy available)
[   12.374604] random: udevadm: uninitialized urandom read (16 bytes read, 7 bits of entropy available)
[   12.374666] random: udevadm: uninitialized urandom read (16 bytes read, 7 bits of entropy available)
[   12.374748] random: udevadm: uninitialized urandom read (16 bytes read, 7 bits of entropy available)
[   12.374912] random: udevadm: uninitialized urandom read (16 bytes read, 7 bits of entropy available)
[   12.374993] random: udevadm: uninitialized urandom read (16 bytes read, 7 bits of entropy available)
[   13.181503] e1000: Intel(R) PRO/1000 Network Driver - version 7.3.21-k8-NAPI
[   13.214449] e1000: Copyright (c) 1999-2006 Intel Corporation.
[   13.241402] Fusion MPT base driver 3.04.20
[   13.251462] Copyright (c) 1999-2008 LSI Corporation
[   13.261515] Fusion MPT SPI Host driver 3.04.20
[   13.264675] AVX version of gcm_enc/dec engaged.
[   13.268170] AES CTR mode by8 optimization enabled
[   13.441983] input: ImExPS/2 Generic Explorer Mouse as /devices/platform/i8042/serio1/input/input4
[   13.741932] e1000 0000:00:03.0 eth0: (PCI:33MHz:32-bit) 02:c0:e2:3c:71:11
[   13.795620] e1000 0000:00:03.0 eth0: Intel(R) PRO/1000 Network Connection
[   13.872580] mptbase: ioc0: Initiating bringup
[   14.003770] ioc0: LSI53C1030 A0: Capabilities={Initiator}
[   14.222997] scsi host2: ioc0: LSI53C1030 A0, FwRev=00000000h, Ports=1, MaxQ=256, IRQ=20
[   14.380283] scsi 2:0:0:0: Direct-Access     VBOX     HARDDISK         1.0  PQ: 0 ANSI: 5
[   14.478629] scsi target2:0:0: Beginning Domain Validation
[   14.575121] scsi target2:0:0: Domain Validation skipping write tests
[   14.656470] scsi target2:0:0: Ending Domain Validation
[   14.662827] scsi target2:0:0: asynchronous
[   14.667066] scsi 2:0:1:0: Direct-Access     VBOX     HARDDISK         1.0  PQ: 0 ANSI: 5
[   14.675369] scsi target2:0:1: Beginning Domain Validation
[   14.679095] scsi target2:0:1: Domain Validation skipping write tests
[   14.682653] scsi target2:0:1: Ending Domain Validation
[   14.684334] scsi target2:0:1: asynchronous
[   14.721029] sd 2:0:0:0: [sda] 20971520 512-byte logical blocks: (10.7 GB/10.0 GiB)
[   14.742760] sd 2:0:0:0: Attached scsi generic sg0 type 0
[   14.751051] sd 2:0:1:0: Attached scsi generic sg1 type 0
[   14.768809] sd 2:0:1:0: [sdb] 20480 512-byte logical blocks: (10.5 MB/10.0 MiB)
[   14.779502] sd 2:0:0:0: [sda] Write Protect is off
[   14.788097] sd 2:0:0:0: [sda] Incomplete mode parameter data
[   14.800568] sd 2:0:0:0: [sda] Assuming drive cache: write through
[   14.803516] sd 2:0:1:0: [sdb] Write Protect is off
[   14.805249] sd 2:0:1:0: [sdb] Incomplete mode parameter data
[   14.807848] sd 2:0:1:0: [sdb] Assuming drive cache: write through
[   14.813797]  sda: sda1
[   14.822327] sd 2:0:1:0: [sdb] Attached SCSI disk
[   14.825065] sd 2:0:0:0: [sda] Attached SCSI disk
[   15.054988] e1000 0000:00:08.0 eth1: (PCI:33MHz:32-bit) 08:00:27:b3:36:30
[   15.131679] e1000 0000:00:08.0 eth1: Intel(R) PRO/1000 Network Connection
[   15.207239] e1000 0000:00:03.0 enp0s3: renamed from eth0
[   15.279194] e1000 0000:00:08.0 enp0s8: renamed from eth1
[   16.287133] floppy0: no floppy controllers found
Begin: Loading essential drivers[   17.688955] md: linear personality registered for level -1
 ... [   17.768703] md: multipath personality registered for level -4
[   17.835167] md: raid0 personality registered for level 0
[   17.896328] md: raid1 personality registered for level 1
[   18.026827] raid6: sse2x1   gen()  8231 MB/s
[   18.110865] raid6: sse2x1   xor()  3184 MB/s
[   18.190880] raid6: sse2x2   gen()  8371 MB/s
[   18.275318] raid6: sse2x2   xor()  6032 MB/s
[   18.403866] raid6: sse2x4   gen() 11660 MB/s
[   18.507911] raid6: sse2x4   xor()  8339 MB/s
[   18.588038] raid6: using algorithm sse2x4 gen() 11660 MB/s
[   18.663584] raid6: .... xor() 8339 MB/s, rmw enabled
[   18.708776] raid6: using ssse3x2 recovery algorithm
[   18.743464] xor: automatically using best checksumming function:
[   18.839146]    avx       : 18581.000 MB/sec
[   18.874358] async_tx: api initialized (async)
[   18.935356] md: raid6 personality registered for level 6
[   18.975405] md: raid5 personality registered for level 5
[   19.051058] md: raid4 personality registered for level 4
[   19.088787] md: raid10 personality registered for level 10
done.
Begin: Running /scripts/init-premount ... done.
Begin: Mounting root file system ... Begin: Running /scripts/[   19.194794] Btrfs loaded
local-top ... done.
Begin: Running /scripts/local-premount ... Scanning for Btr[   19.257807] EXT4-fs (sda1): mounted filesystem with ordered data mode. Opts: (null)
fs filesystems
done.
Warning: fsck not present, so skipping root file system
done.
Begin: Running /scripts/local-bottom ... done.
Begin: Running /scripts/init-bottom ... done.
[   19.401498] systemd[1]: systemd 229 running in system mode. (+PAM +AUDIT +SELINUX +IMA +APPARMOR +SMACK +SYSVINIT +UTMP +LIBCRYPTSETUP +GCRYPT +GNUTLS +ACL +XZ -LZ4 +SECCOMP +BLKID +ELFUTILS +KMOD -IDN)
[   19.512447] systemd[1]: Detected virtualization oracle.
[   19.586636] systemd[1]: Detected architecture x86-64.

Welcome to [1mUbuntu 16.04.3 LTS[0m!

[   19.684199] systemd[1]: Set hostname to <ubuntu>.
[   19.768943] systemd[1]: Initializing machine ID from random generator.
[   19.838815] systemd[1]: Installed transient /etc/machine-id file.
[   20.231184] systemd[1]: Listening on Syslog Socket.
[[0;32m  OK  [0m] Listening on Syslog Socket.
[   20.332741] systemd[1]: Listening on Device-mapper event daemon FIFOs.
[[0;32m  OK  [0m] Listening on Device-mapper event daemon FIFOs.
[   20.358418] systemd[1]: Listening on udev Control Socket.
[[0;32m  OK  [0m] Listening on udev Control Socket.
[   20.382322] systemd[1]: Set up automount Arbitrary Executable File Formats File System Automount Point.
[[0;32m  OK  [0m] Set up automount Arbitrary Executab...ats File System Automount Point.
[   20.398281] systemd[1]: Listening on Journal Socket (/dev/log).
[[0;32m  OK  [0m] Listening on Journal Socket (/dev/log).
[   20.437939] systemd[1]: Listening on /dev/initctl Compatibility Named Pipe.
[[0;32m  OK  [0m] Listening on /dev/initctl Compatibility Named Pipe.
[   20.504610] systemd[1]: Created slice System Slice.
[[0;32m  OK  [0m] Created slice System Slice.
[   20.511455] systemd[1]: Listening on Journal Socket.
[[0;32m  OK  [0m] Listening on Journal Socket.
[   20.527475] systemd[1]: Mounting Huge Pages File System...
         Mounting Huge Pages File System...
[   20.572094] systemd[1]: Starting Nameserver information manager...
         Starting Nameserver information manager...
[   20.687502] systemd[1]: Starting Set console keymap...
[   20.740155] random: nonblocking pool is initialized
         Starting Set console keymap...
[   20.835334] systemd[1]: Starting Uncomplicated firewall...
         Starting Uncomplicated firewall...
[   20.923703] systemd[1]: Starting Create list of required static device nodes for the current kernel...
         Starting Create list of required st... nodes for the current kernel...
[   21.011344] systemd[1]: Listening on LVM2 metadata daemon socket.
[[0;32m  OK  [0m] Listening on LVM2 metadata daemon socket.
[   21.079354] systemd[1]: Starting Monitoring of LVM2 mirrors, snapshots etc. using dmeventd or progress polling...
         Starting Monitoring of LVM2 mirrors... dmeventd or progress polling...
[   21.169402] systemd[1]: Listening on udev Kernel Socket.
[[0;32m  OK  [0m] Listening on udev Kernel Socket.
[   21.243788] systemd[1]: Reached target Swap.
[[0;32m  OK  [0m] Reached target Swap.
[   21.339426] systemd[1]: Mounting Debug File System...
         Mounting Debug File System...
[   21.407245] systemd[1]: Reached target User and Group Name Lookups.
[[0;32m  OK  [0m] Reached target User and Group Name Lookups.
[   21.571528] systemd[1]: Starting Load Kernel Modules...
         Starting Load Ke[   21.605281] Loading iSCSI transport class v2.0-870.
rnel Modules...
[   21.633947] systemd[1]: Started Trigger resolvconf update for networkd DNS.
[[0;32m  OK  [0m] Started Trigger resolvconf up[   21.704676] iscsi: registered transport (tcp)
date for networkd DNS.
[   21.855554] systemd[1]: Listening on LVM2 poll daemon socket.
[[0;32m  OK  [0m] Listening on LVM2 poll daemon[   21.882815] iscsi: registered transport (iser)
 socket.
[   21.932210] systemd[1]: Reached target Encrypted Volumes.
[[0;32m  OK  [0m] Reached target Encrypted Volumes.
[   22.011753] systemd[1]: Mounting POSIX Message Queue File System...
         Mounting POSIX Message Queue File System...
[   22.127462] systemd[1]: Started Forward Password Requests to Wall Directory Watch.
[[0;32m  OK  [0m] Started Forward Password Requests to Wall Directory Watch.
[   22.315135] systemd[1]: Starting Remount Root and Kernel File Systems...
         [   22.383706] EXT4-fs (sda1): re-mounted. Opts: (null)
Starting Remount Root and Kernel File Systems...
[   22.459268] systemd[1]: Created slice User and Session Slice.
[[0;32m  OK  [0m] Created slice User and Session Slice.
[   22.571228] systemd[1]: Reached target Slices.
[[0;32m  OK  [0m] Reached target Slices.
[   22.679653] systemd[1]: Listening on Journal Audit Socket.
[[0;32m  OK  [0m] Listening on Journal Audit Socket.
[   22.780027] systemd[1]: Starting Journal Service...
         Starting Journal Service...
[   22.855354] systemd[1]: Created slice system-serial\x2dgetty.slice.
[[0;32m  OK  [0m] Created slice system-serial\x2dgetty.slice.
[   22.956219] systemd[1]: Mounted POSIX Message Queue File System.
[[0;32m  OK  [0m] Mounted POSIX Message Queue File System.
[   23.027460] systemd[1]: Mounted Huge Pages File System.
[[0;32m  OK  [0m] Mounted Huge Pages File System.
[   23.171818] systemd[1]: Mounted Debug File System.
[[0;32m  OK  [0m] Mounted Debug File System.
[   23.209321] systemd[1]: Started Journal Service.
[[0;32m  OK  [0m] Started Journal Service.
[[0;32m  OK  [0m] Started Set console keymap.
[[0;32m  OK  [0m] Started Uncomplicated firewall.
[[0;32m  OK  [0m] Started Create list of required sta...ce nodes for the current kernel.
[[0;32m  OK  [0m] Started Load Kernel Modules.
[[0;32m  OK  [0m] Started Remount Root and Kernel File Systems.
[[0;32m  OK  [0m] Started Nameserver information manager.
[[0;32m  OK  [0m] Started LVM2 metadata daemon.
         Starting Initial cloud-init job (pre-networking)...
         Starting udev Coldplug all Devices...
         Starting Load/Save Random Seed...
         Mounting FUSE Control File System...
         Starting Apply Kernel Variables...
         Starting Create Static Device Nodes in /dev...
         Starting Flush Journal to Persistent Storage...
[[0;32m  OK  [0m] Mounted FUSE Control File System.
[[0;32m  OK  [0m] Started Load/Save Random Seed.
[[0;32m  OK  [0m] Started Apply Kernel Variables.
[[0;32m  OK  [0m] Started Create Static Device Nodes in /dev.
[[0;32m  OK  [0m] Started udev Coldplug all Devices.
[[0;32m  OK  [0m] Started Flush Journal to Persistent Storage.
         Starting udev Kernel Device Manager...
[[0;32m  OK  [0m] Started Monitoring of LVM2 mirrors,...ng dmeventd or progress polling.
[[0;32m  OK  [0m] Started udev Kernel Device Manager.
[[0;32m  OK  [0m] Started Dispatch Password Requests to Console Directory Watch.
[[0;32m  OK  [0m] Reached target Local File Systems (Pre).
[[0;32m  OK  [0m] Reached target Local File Systems.
         Starting Create Volatile Files and Directories...
         Starting Tell Plymouth To Write Out Runtime Data...
         Starting LSB: AppArmor initialization...
         Starting Set console font and keymap...
         Starting Commit a transient machine-id on disk...
[[0;32m  OK  [0m] Started Create Volatile Files and Directories.
[[0;32m  OK  [0m] Started Tell Plymouth To Write Out Runtime Data.
[[0;32m  OK  [0m] Started Commit a transient machine-id on disk.
[[0;32m  OK  [0m] Found device /dev/ttyS0.
         Starting Update UTMP about System Boot/Shutdown...
[[0;32m  OK  [0m] Reached target System Time Synchronized.
[[0;32m  OK  [0m] Started Update UTMP about System Boot/Shutdown.
[[0;32m  OK  [0m] Listening on Load/Save RF Kill Switch Status /dev/rfkill Watch.
[   20.860207] cloud-init[447]: Cloud-init v. 0.7.9 running 'init-local' at Fri, 11 Aug 2017 11:08:26 +0000. Up 20.34 seconds.
[[0;32m  OK  [0m] Started LSB: AppArmor initialization.
[[0;32m  OK  [0m] Started Initial cloud-init job (pre-networking).
[[0;32m  OK  [0m] Reached target Network (Pre).
         Starting Raise network interfaces...
[[0;32m  OK  [0m] Started Set console font and keymap.
[[0;32m  OK  [0m] Created slice system-getty.slice.
[[0;32m  OK  [0m] Started Raise network interfaces.
[[0;32m  OK  [0m] Reached target Network.
         Starting Initial cloud-init job (metadata service crawler)...
[   24.068242] cloud-init[957]: Cloud-init v. 0.7.9 running 'init' at Fri, 11 Aug 2017 11:08:29 +0000. Up 23.10 seconds.
[   24.104771] cloud-init[957]: ci-info: ++++++++++++++++++++++++++++++++++++++Net device info++++++++++++++++++++++++++++++++++++++
[   24.180458] cloud-init[957]: ci-info: +--------+-------+----------------------------+---------------+-------+-------------------+
[   24.180738] cloud-init[957]: ci-info: | Device |   Up  |          Address           |      Mask     | Scope |     Hw-Address    |
[[0;32m  OK  [0m] Started Initial cloud-init job (metadata service crawler).
[   24.180940] cloud-init[957]: ci-info: +--------+-------+----------------------------+---------------+-------+-------------------+
[   24.348540] cloud-init[957]: ci-info: | enp0s8 | False |             .              |       .       |   .   | 08:00:27:b3:36:30 |
[   24.348974] cloud-init[957]: ci-info: | enp0s3 |  True |         10.0.2.15          | 255.255.255.0 |   .   | 02:c0:e2:3c:71:11 |[
[0;32m  OK  [0m] Reached target Network is Online.
[   24.349387] cloud-init[957]: ci-info: | enp0s3 |  True | fe80::c0:e2ff:fe3c:7111/64 |       .       |  link | 02:c0:e2:3c:71:11 |
[   24.476766] cloud-init[957]: ci-info: |   lo   |  True |         127.0.0.1          |   255.0.0.0   |   .   |         .         |
[   24.477339] cloud-init[957]: ci-info: |   lo   |  True |          ::1/128           |       .       |  host |         .         |
         Starting iSCSI initiator daemon (iscsid)...
[[   24.477729] cloud-init[957]: ci-info: +--------+-------+----------------------------+---------------+-------+-------------------+
[   24.585415] cloud-init[957]: ci-info: +++++++++++++++++++++++++++Route IPv4 info++++++++++++++++++++++++++++
[0;32m  OK  [0m] Reached target Cloud-config availability.
[[   24.585710] cloud-init[957]: ci-info: +-------+-------------+----------+---------------+-----------+-------+
[   24.753152] cloud-init[957]: ci-info: | Route | Destination | Gateway  |    Genmask    | Interface | Flags |
[0;32m  OK  [0m] Reached target System Initialization.
[   24.753333] cloud-init[957]: ci-info: +-------+-------------+----------+---------------+-----------+-------+
[   24.821052] cloud-init[957]: ci-info: |   0   |   0.0.0.0   | 10.0.2.2 |    0.0.0.0    |   enp0s3  |   UG  |
[[0;32m  OK  [0m] Listening on D-Bus System Message Bus Socket.
[[   24.821240] cloud-init[957]: ci-info: |   1   |   10.0.2.0  | 0.0.0.0  | 255.255.255.0 |   enp0s3  |   U   |
[   24.925149] cloud-init[957]: ci-info: +-------+-------------+----------+---------------+-----------+-------+
[   24.925767] cloud-init[957]: Generating public/private rsa key pair.
[0;32m  OK  [0m] Started Daily apt download activities.
[[   24.925864] cloud-init[957]: Your identification has been saved in /etc/ssh/ssh_host_rsa_key.
[   25.037566] cloud-init[957]: Your public key has been saved in /etc/ssh/ssh_host_rsa_key.pub.
[0;32m  OK  [0m] Listening on UUID daemon activation socket.
[[   25.037725] cloud-init[957]: The key fingerprint is:
[0;32m  OK  [0m[   25.129268] ] cloud-initStarted Daily Cleanup of Temporary Directories.[957]: 
SHA256:LVe3/eUeiAVaHI+f7jo9bQB3muv+hU7nAbciUrJdrp8 root@ubuntu-xenial
[   25.129510] cloud-init[957]: The key's randomart image is:
[   25.252640] cloud-init[957]: +---[RSA 2048]----+
[   25.253084] cloud-init[957]: |           .     |
         Starting LXD - unix socket.
[   25.253349] cloud-init[957]: |          . +    |
[   25.309573] cloud-init[957]: |           =...  |
[[0;32m  OK  [0m] Started Timer to automatically refresh installed snaps.
[[0;32m  OK  [0m[   25.309817] cloud-init[957]: |         .oooo.+ |
] Started Daily apt upgrade and clean activities.
[[   25.380341] cloud-init[957]: |        Soo.o*=.o|
[   25.409520] cloud-init[957]: |         o= *++o+|
[   25.409714] cloud-init[957]: |         o +.=*+=|
[   25.409954] cloud-init[957]: |          ..+*o*+|
[   25.410197] cloud-init[957]: |           o*E=.o|
[   25.410434] cloud-init[957]: +----[SHA256]-----+
[   25.410677] cloud-init[957]: Generating public/private dsa key pair.
[   25.410919] cloud-init[957]: Your identification has been saved in /etc/ssh/ssh_host_dsa_key.
[   25.411161] cloud-init[957]: Your public key has been saved in /etc/ssh/ssh_host_dsa_key.pub.
[   25.411409] cloud-init[957]: The key fingerprint is:
[   25.411645] cloud-init[957]: SHA256:sob8F0M9SQjOF83jSjDSqF/UVlPpAIue5ieQ1gYOXkA root@ubuntu-xenial
[   25.411887] cloud-init[957]: The key's randomart image is:
[   25.412400] cloud-init[957]: +---[DSA 1024]----+
[0;32m  OK  [0m] Reached target Timers.
[   25.412777] cloud-init[957]: | .E  o.oo*o...   |
[   25.744511] cloud-init[957]: |   .oo=.+o*..    |
[   25.745056] cloud-init[957]: |  ..oo++o+ =     |
[[0;32m  OK  [0m] Started ACPI Events Check.
[   25.745263] cloud-init[957]: | ..+ =.oo = .    |
[   25.873250] cloud-init[957]: |  ..=.BoS. .     |
[[0;32m  OK  [0m] Reached target Paths.
         Starting Socket activation for snappy daemon.
[   25.873592] cloud-init[957]: |   o.* o+        |
[   25.972485] cloud-init[957]: |    o = .o       |
[   25.973036] cloud-init[957]: |     o o.        |
[[0;32m  OK  [0m] Listening on ACPID Listen Socket.
[   25.973283] cloud-init[957]: |      ..         |
[   26.052604] cloud-init[957]: +----[SHA256]-----+
[   26.080591] cloud-init[957]: Generating public/private ecdsa key pair.
[   26.081017] cloud-init[957]: Your identification has been saved in /etc/ssh/ssh_host_ecdsa_key.
[[0;32m  OK  [0m] Listening on LXD - unix socket.
[[   26.081294] cloud-init[957]: Your public key has been saved in /etc/ssh/ssh_host_ecdsa_key.pub.
[   26.128800] cloud-init[957]: The key fingerprint is:
[   26.129014] cloud-init[957]: SHA256:K+RUO8UYAxln3DmybhFbVj76Mpb6dP4J9YcTK9HuYOA root@ubuntu-xenial
[0;32m  OK  [0m] Listening on Socket activation for snappy daemon.
[   26.129245] cloud-init[957]: The key's randomart image is:
[   26.213150] cloud-init[957]: +---[ECDSA 256]---+
[[0;32m  OK  [0m] Started iSCSI initiator daemon (iscsid).
[   26.213459] cloud-init[957]: |      o==. o.    |
[   26.272556] cloud-init[957]: |      .o+=*.     |
[   26.304561] cloud-init[957]: |        oBo.o    |
[   26.305066] cloud-init[957]: |       .+o . o   |
         Starting Login to default iSCSI targets...
[[   26.305305] cloud-init[957]: |      o.S.o . +  |
[   26.351037] cloud-init[957]: |     +  o+ + + = |
[   26.351284] cloud-init[957]: |      o.. E B = o|
[0;32m  OK  [0m] Reached target Sockets.
[   26.351907] cloud-init[957]: |       . + * = o.|
[   26.397083] cloud-init[957]: |        ... ..+  |
[[0;32m  OK  [0m] Reached target Basic System.
[   26.397267] cloud-init[957]: +----[SHA256]-----+
[   26.456739] cloud-init[957]: Generating public/private ed25519 key pair.
         Starting LSB: Record successful boot for GRUB...
[   26.494938] cloud-init[957]: Your identification has been saved in /etc/ssh/ssh_host_ed25519_key.
[   26.510827] cloud-init[957]: Your public key has been saved in /etc/ssh/ssh_host_ed25519_key.pub.
[[0;32m  OK  [0m] Started ACPI event daemon.
[   26.534971] cloud-init[957]: The key fingerprint is:
[   26.584443] [cloud-init[0;32m  OK  [0m[957]: ] SHA256:agP3NSNRSRQgZ29uj7AgqAYazXuLLvTPGuPivTrjRzE root@ubuntu-xenialStarted Snappy daemon.

[   26.585150] cloud-init[957]: The key's randomart image is:
[   26.668444]          cloud-initStarting Apply the settings specified in cloud-config...[957]: 
+--[ED25519 256]--+
[   26.780541] [cloud-init[0;32m  OK  [0m[957]: ] |      . ++=o     |Started Unattended Upgrades Shutdown.

[   26.781210] cloud-init[957]: |       + o.      |
[   26.872591] [cloud-init[0;32m  OK  [0m[957]: ] |        . o      |Started Deferred execution scheduler.

[   26.873466] cloud-init[957]: | o E     +       |
[   27.016383]          cloud-initStarting Pollinate to seed the pseudo random number generator...[957]: 
|o + = o S *      |
[[0;32m  OK  [0m] Started FUSE filesystem for LXC.
[   27.078803] cloud-init[957]: |o+ o + + * =     |
[   27.128226]          Starting /etc/rc.local Compatibility...
         Starting Login Service...
cloud-init[[0;32m  OK  [0m] Started Regular background program processing daemon.
[957]: |+.+o. + o . .    |
[   27.144746] [cloud-init[0;32m  OK  [0m] Started D-Bus System Message Bus.
[957]: |o+o=+o .         |
[   27.184713] cloud-init[957]: |o*O==o           |
[   27.205473] cloud-init[957]: +----[SHA256]-----+
         Starting System Logging Service...
         Starting Auto import assertions from block devices...
         Starting Accounts Service...
         Starting LSB: MD monitoring daemon...
         Starting LXD - container startup/shutdown...
[[0;32m  OK  [0m] Started System Logging Service.
[[0;32m  OK  [0m] Started /etc/rc.local Compatibility.
[[0;32m  OK  [0m] Started Auto import assertions from block devices.
[[0;32m  OK  [0m] Started Login to default iSCSI targets.
[[0;32m  OK  [0m] Started LSB: Record successful boot for GRUB.
[[0;32m  OK  [0m] Started Login Service.
         Starting Authenticate and Authorize Users to Run Privileged Tasks...
[[0;32m  OK  [0m] Reached target Remote File Systems (Pre).
[[0;32m  OK  [0m] Reached target Remote File Systems.
         Starting LSB: automatic crash report generation...
         Starting LSB: VirtualBox Linux Additions...
         Starting LSB: daemon to balance interrupts for SMP systems...
         Starting Permit User Sessions...
         Starting LSB: Set the CPU Frequency Scaling governor to "ondemand"...
[[0;32m  OK  [0m] Started Pollinate to seed the pseudo random number generator.
[[0;32m  OK  [0m] Started LSB: MD monitoring daemon.
[[0;32m  OK  [0m[   27.982387] ] cloud-initStarted LXD - container startup/shutdown.[1071]: 
Generating locales (this might take a while)...
[[0;32m  OK  [0m] Started Permit User Sessions.
[[0;32m  OK  [0m] Started Authenticate and Authorize Users to Run Privileged Tasks.
[[0;32m  OK  [0m] Started Accounts Service.
         Starting Terminate Plymouth Boot Screen...
         Starting Hold until boot process finishes up...
         Starting OpenBSD Secure Shell server...
[[0;32m  OK  [0m] Started LSB: automatic crash report generation.
[[0;32m  OK  [0m] Started LSB: VirtualBox Linux Additions.
[[0;32m  OK  [0m] Started LSB: daemon to balance interrupts for SMP systems.
[[0;32m  OK  [0m] Started LSB: Set the CPU Frequency Scaling governor to "ondemand".
[[0;32m  OK  [0m] Started Terminate Plymouth Boot Screen.
[[0;32m  OK  [0m] Started Hold until boot process finishes up.
[[0;32m  OK  [0m] Started OpenBSD Secure Shell server.
[[0;32m  OK  [0m] Started Serial Getty on ttyS0.
         Starting Set console scheme...
[[0;32m  OK  [0m] Started Getty on tty1.
[[0;32m  OK  [0m] Reached target Login Prompts.
[[0;32m  OK  [0m] Reached target Multi-User System.
[[0;32m  OK  [0m] Reached target Graphical Interface.
         Starting Update UTMP about System Runlevel Changes...
[[0;32m  OK  [0m] Started Set console scheme.
[[0;32m  OK  [0m] Started Update UTMP about System Runlevel Changes.
[   29.836635] cloud-init[1071]:   en_US.UTF-8... done
[   29.848376] cloud-init[1071]: Generation complete.
         Stopping OpenBSD Secure Shell server...
[[0;32m  OK  [0m] Stopped OpenBSD Secure Shell server.
         Starting OpenBSD Secure Shell server...
[[0;32m  OK  [0m] Started OpenBSD Secure Shell server.
[[0;32m  OK  [0m] Created slice User Slice of ubuntu.
         Starting User Manager for UID 1000...
[[0;32m  OK  [0m] Started Session 1 of user ubuntu.
[[0;32m  OK  [0m] Started User Manager for UID 1000.
[   30.552645] cloud-init[1071]: Cloud-init v. 0.7.9 running 'modules:config' at Fri, 11 Aug 2017 11:08:33 +0000. Up 27.69 seconds.
[[0;32m  OK  [0m] Started Apply the settings specified in cloud-config.
         Starting Execute cloud user/final scripts...
ci-info: no authorized ssh keys fingerprints found for user ubuntu.
<14>Aug 11 11:08:37 ec2: 
<14>Aug 11 11:08:37 ec2: #############################################################
<14>Aug 11 11:08:37 ec2: -----BEGIN SSH HOST KEY FINGERPRINTS-----
<14>Aug 11 11:08:37 ec2: 1024 SHA256:sob8F0M9SQjOF83jSjDSqF/UVlPpAIue5ieQ1gYOXkA root@ubuntu-xenial (DSA)
<14>Aug 11 11:08:37 ec2: 256 SHA256:K+RUO8UYAxln3DmybhFbVj76Mpb6dP4J9YcTK9HuYOA root@ubuntu-xenial (ECDSA)
<14>Aug 11 11:08:37 ec2: 256 SHA256:agP3NSNRSRQgZ29uj7AgqAYazXuLLvTPGuPivTrjRzE root@ubuntu-xenial (ED25519)
<14>Aug 11 11:08:37 ec2: 2048 SHA256:LVe3/eUeiAVaHI+f7jo9bQB3muv+hU7nAbciUrJdrp8 root@ubuntu-xenial (RSA)
<14>Aug 11 11:08:37 ec2: -----END SSH HOST KEY FINGERPRINTS-----
<14>Aug 11 11:08:37 ec2: #############################################################
-----BEGIN SSH HOST KEY KEYS-----
ecdsa-sha2-nistp256 AAAAE2VjZHNhLXNoYTItbmlzdHAyNTYAAAAIbmlzdHAyNTYAAABBBLuBkt/RY5UxyFg4p49HGFwq5CqSTiLgk3CGpFB+exyAb3kUNmnz5KHJXNV9qtj5DYiubduW03vfZWKIwDZ/PQ4= root@ubuntu-xenial
ssh-ed25519 AAAAC3NzaC1lZDI1NTE5AAAAIPF+I6YWEIFGgo8t4IIo0fgskH0jb9ggjbYZz9FsuEyl root@ubuntu-xenial
ssh-rsa AAAAB3NzaC1yc2EAAAADAQABAAABAQDiUsLstcomqIitkBYRbC7sSvv3BiqjDd3JUQ04lQJIBd9wrT5HpX1Rp5bN1pPVRPKU2V3ImQGkEgDccjKV8ls4ZEISQYYFi8Lu/shnAnw6d/Ejg0oz75dqfHLIY0enhEW6a3PPJhs9OXcHJYqY7iyfx0EhNQXEcqRn/H2ANI3YFuQ26jdaSW2zN70c9nWYib02QjvNgDzdDvDs/Z2q+/B1t85EitTft6qY8rd2aoiYhykRr1TOIuv+3UgxreaG9jZDPJO/MSO0jv5KG/5XefrzUehqJuY6lEe+kxLrJPszdP+MWeByJC2f5zUyd26wCySSVIMyxV+X0raL5FgsawgJ root@ubuntu-xenial
-----END SSH HOST KEY KEYS-----
[   31.963472] cloud-init[1398]: Cloud-init v. 0.7.9 running 'modules:final' at Fri, 11 Aug 2017 11:08:37 +0000. Up 31.32 seconds.
[   32.008516] cloud-init[1398]: ci-info: no authorized ssh keys fingerprints found for user ubuntu.
[   32.042630] cloud-init[1398]: Cloud-init v. 0.7.9 finished at Fri, 11 Aug 2017 11:08:37 +0000. Datasource DataSourceNoCloud [seed=/dev/sdb][dsmode=net].  Up 31.94 seconds
[[0;32m  OK  [0m] Started Execute cloud user/final scripts.
[[0;32m  OK  [0m] Reached target Cloud-init target.

Ubuntu 16.04.3 LTS ubuntu-xenial ttyS0

ubuntu-xenial login: 