[    0.000000] Initializing cgroup subsys cpuset
[    0.000000] Initializing cgroup subsys cpu
[    0.000000] Initializing cgroup subsys cpuacct
[    0.000000] Linux version 4.4.0-89-generic (buildd@lgw01-18) (gcc version 5.4.0 20160609 (Ubuntu 5.4.0-6ubuntu1~16.04.4) ) #112-Ubuntu SMP Mon Jul 31 19:38:41 UTC 2017 (Ubuntu 4.4.0-89.112-generic 4.4.76)
[    0.000000] Command line: BOOT_IMAGE=/boot/vmlinuz-4.4.0-89-generic root=LABEL=cloudimg-rootfs ro console=tty1 console=ttyS0
[    0.000000] KERNEL supported cpus:
[    0.000000]   Intel GenuineIntel
[    0.000000]   AMD AuthenticAMD
[    0.000000]   Centaur CentaurHauls
[    0.000000] x86/fpu: xstate_offset[2]:  576, xstate_sizes[2]:  256
[    0.000000] x86/fpu: Supporting XSAVE feature 0x01: 'x87 floating point registers'
[    0.000000] x86/fpu: Supporting XSAVE feature 0x02: 'SSE registers'
[    0.000000] x86/fpu: Supporting XSAVE feature 0x04: 'AVX registers'
[    0.000000] x86/fpu: Enabled xstate features 0x7, context size is 832 bytes, using 'standard' format.
[    0.000000] x86/fpu: Using 'lazy' FPU context switches.
[    0.000000] e820: BIOS-provided physical RAM map:
[    0.000000] BIOS-e820: [mem 0x0000000000000000-0x000000000009fbff] usable
[    0.000000] BIOS-e820: [mem 0x000000000009fc00-0x000000000009ffff] reserved
[    0.000000] BIOS-e820: [mem 0x00000000000f0000-0x00000000000fffff] reserved
[    0.000000] BIOS-e820: [mem 0x0000000000100000-0x000000003ffeffff] usable
[    0.000000] BIOS-e820: [mem 0x000000003fff0000-0x000000003fffffff] ACPI data
[    0.000000] BIOS-e820: [mem 0x00000000fec00000-0x00000000fec00fff] reserved
[    0.000000] BIOS-e820: [mem 0x00000000fee00000-0x00000000fee00fff] reserved
[    0.000000] BIOS-e820: [mem 0x00000000fffc0000-0x00000000ffffffff] reserved
[    0.000000] NX (Execute Disable) protection: active
[    0.000000] SMBIOS 2.5 present.
[    0.000000] Hypervisor detected: KVM
[    0.000000] e820: last_pfn = 0x3fff0 max_arch_pfn = 0x400000000
[    0.000000] MTRR: Disabled
[    0.000000] x86/PAT: MTRRs disabled, skipping PAT initialization too.
[    0.000000] x86/PAT: Configuration [0-7]: WB  WT  UC- UC  WB  WT  UC- UC  
[    0.000000] CPU MTRRs all blank - virtualized system.
[    0.000000] found SMP MP-table at [mem 0x0009fff0-0x0009ffff] mapped at [ffff88000009fff0]
[    0.000000] Scanning 1 areas for low memory corruption
[    0.000000] RAMDISK: [mem 0x36ac4000-0x37559fff]
[    0.000000] ACPI: Early table checksum verification disabled
[    0.000000] ACPI: RSDP 0x00000000000E0000 000024 (v02 VBOX  )
[    0.000000] ACPI: XSDT 0x000000003FFF0030 00003C (v01 VBOX   VBOXXSDT 00000001 ASL  00000061)
[    0.000000] ACPI: FACP 0x000000003FFF00F0 0000F4 (v04 VBOX   VBOXFACP 00000001 ASL  00000061)
[    0.000000] ACPI: DSDT 0x000000003FFF0470 0021C8 (v02 VBOX   VBOXBIOS 00000002 INTL 20100528)
[    0.000000] ACPI: FACS 0x000000003FFF0200 000040
[    0.000000] ACPI: FACS 0x000000003FFF0200 000040
[    0.000000] ACPI: APIC 0x000000003FFF0240 00005C (v02 VBOX   VBOXAPIC 00000001 ASL  00000061)
[    0.000000] ACPI: SSDT 0x000000003FFF02A0 0001CC (v01 VBOX   VBOXCPUT 00000002 INTL 20100528)
[    0.000000] No NUMA configuration found
[    0.000000] Faking a node at [mem 0x0000000000000000-0x000000003ffeffff]
[    0.000000] NODE_DATA(0) allocated [mem 0x3ffeb000-0x3ffeffff]
[    0.000000] kvm-clock: Using msrs 4b564d01 and 4b564d00
[    0.000000] kvm-clock: cpu 0, msr 0:3ffe3001, primary cpu clock
[    0.000000] kvm-clock: using sched offset of 3174256572 cycles
[    0.000000] clocksource: kvm-clock: mask: 0xffffffffffffffff max_cycles: 0x1cd42e4dffb, max_idle_ns: 881590591483 ns
[    0.000000] Zone ranges:
[    0.000000]   DMA      [mem 0x0000000000001000-0x0000000000ffffff]
[    0.000000]   DMA32    [mem 0x0000000001000000-0x000000003ffeffff]
[    0.000000]   Normal   empty
[    0.000000]   Device   empty
[    0.000000] Movable zone start for each node
[    0.000000] Early memory node ranges
[    0.000000]   node   0: [mem 0x0000000000001000-0x000000000009efff]
[    0.000000]   node   0: [mem 0x0000000000100000-0x000000003ffeffff]
[    0.000000] Initmem setup node 0 [mem 0x0000000000001000-0x000000003ffeffff]
[    0.000000] ACPI: PM-Timer IO Port: 0x4008
[    0.000000] IOAPIC[0]: apic_id 2, version 32, address 0xfec00000, GSI 0-23
[    0.000000] ACPI: INT_SRC_OVR (bus 0 bus_irq 0 global_irq 2 dfl dfl)
[    0.000000] ACPI: INT_SRC_OVR (bus 0 bus_irq 9 global_irq 9 high level)
[    0.000000] Using ACPI (MADT) for SMP configuration information
[    0.000000] smpboot: Allowing 2 CPUs, 0 hotplug CPUs
[    0.000000] PM: Registered nosave memory: [mem 0x00000000-0x00000fff]
[    0.000000] PM: Registered nosave memory: [mem 0x0009f000-0x0009ffff]
[    0.000000] PM: Registered nosave memory: [mem 0x000a0000-0x000effff]
[    0.000000] PM: Registered nosave memory: [mem 0x000f0000-0x000fffff]
[    0.000000] e820: [mem 0x40000000-0xfebfffff] available for PCI devices
[    0.000000] Booting paravirtualized kernel on KVM
[    0.000000] clocksource: refined-jiffies: mask: 0xffffffff max_cycles: 0xffffffff, max_idle_ns: 7645519600211568 ns
[    0.000000] setup_percpu: NR_CPUS:512 nr_cpumask_bits:512 nr_cpu_ids:2 nr_node_ids:1
[    0.000000] PERCPU: Embedded 33 pages/cpu @ffff88003fc00000 s98264 r8192 d28712 u1048576
[    0.000000] PV qspinlock hash table entries: 256 (order: 0, 4096 bytes)
[    0.000000] Built 1 zonelists in Node order, mobility grouping on.  Total pages: 257913
[    0.000000] Policy zone: DMA32
[    0.000000] Kernel command line: BOOT_IMAGE=/boot/vmlinuz-4.4.0-89-generic root=LABEL=cloudimg-rootfs ro console=tty1 console=ttyS0
[    0.000000] PID hash table entries: 4096 (order: 3, 32768 bytes)
[    0.000000] Memory: 1001736K/1048120K available (8474K kernel code, 1294K rwdata, 3984K rodata, 1488K init, 1316K bss, 46384K reserved, 0K cma-reserved)
[    0.000000] SLUB: HWalign=64, Order=0-3, MinObjects=0, CPUs=2, Nodes=1
[    0.000000] Hierarchical RCU implementation.
[    0.000000] 	Build-time adjustment of leaf fanout to 64.
[    0.000000] 	RCU restricting CPUs from NR_CPUS=512 to nr_cpu_ids=2.
[    0.000000] RCU: Adjusting geometry for rcu_fanout_leaf=64, nr_cpu_ids=2
[    0.000000] NR_IRQS:33024 nr_irqs:440 16
[    0.000000] Console: colour VGA+ 80x25
[    0.000000] console [tty1] enabled
[    0.000000] console [ttyS0] enabled
[    0.000000] tsc: Detected 1599.999 MHz processor
[    2.906314] Calibrating delay loop (skipped) preset value.. 3199.99 BogoMIPS (lpj=6399996)
[    2.922651] pid_max: default: 32768 minimum: 301
[    2.948022] ACPI: Core revision 20150930
[    2.978113] ACPI: 2 ACPI AML tables successfully acquired and loaded
[    3.017031] Security Framework initialized
[    3.032878] Yama: becoming mindful.
[    3.036651] AppArmor: AppArmor initialized
[    3.041738] Dentry cache hash table entries: 131072 (order: 8, 1048576 bytes)
[    3.055684] Inode-cache hash table entries: 65536 (order: 7, 524288 bytes)
[    3.079938] Mount-cache hash table entries: 2048 (order: 2, 16384 bytes)
[    3.089048] Mountpoint-cache hash table entries: 2048 (order: 2, 16384 bytes)
[    3.091420] Initializing cgroup subsys io
[    3.099584] Initializing cgroup subsys memory
[    3.129656] Initializing cgroup subsys devices
[    3.155835] Initializing cgroup subsys freezer
[    3.204598] Initializing cgroup subsys net_cls
[    3.248997] Initializing cgroup subsys perf_event
[    3.285247] Initializing cgroup subsys net_prio
[    3.334855] Initializing cgroup subsys hugetlb
[    3.337605] Initializing cgroup subsys pids
[    3.369410] CPU: Physical Processor ID: 0
[    3.370579] CPU: Processor Core ID: 0
[    3.372701] mce: CPU supports 0 MCE banks
[    3.415111] Last level iTLB entries: 4KB 64, 2MB 8, 4MB 8
[    3.441982] Last level dTLB entries: 4KB 64, 2MB 0, 4MB 0, 1GB 4
[    3.472033] Freeing SMP alternatives memory: 32K (ffffffff820b9000 - ffffffff820c1000)
[    3.583098] ftrace: allocating 32131 entries in 126 pages
[    3.662639] smpboot: APIC(0) Converting physical 0 to logical package 0
[    3.677185] smpboot: Max logical packages: 1
[    3.679156] x2apic enabled
[    3.681969] Switched APIC routing to physical x2apic.
[    3.690453] ..TIMER: vector=0x30 apic1=0 pin1=2 apic2=-1 pin2=-1
[    3.800667] smpboot: CPU0: Intel(R) Core(TM) i5-5250U CPU @ 1.60GHz (family: 0x6, model: 0x3d, stepping: 0x4)
[    3.826625] Performance Events: unsupported p6 CPU model 61 no PMU driver, software events only.
[    3.837369] KVM setup paravirtual spinlock
[    3.850004] x86: Booting SMP configuration:
[    3.860160] .... node  #0, CPUs:      #1
[    3.865767] kvm-clock: cpu 1, msr 0:3ffe3041, secondary cpu clock
[    3.894274] mce: CPU supports 0 MCE banks
[    3.917592] x86: Booted up 1 node, 2 CPUs
[    3.931491] smpboot: Total of 2 processors activated (6399.99 BogoMIPS)
[    3.933712] devtmpfs: initialized
[    3.938251] evm: security.selinux
[    3.985845] evm: security.SMACK64
[    4.020722] evm: security.SMACK64EXEC
[    4.028562] evm: security.SMACK64TRANSMUTE
[    4.042488] evm: security.SMACK64MMAP
[    4.047220] evm: security.ima
[    4.048212] evm: security.capability
[    4.049581] clocksource: jiffies: mask: 0xffffffff max_cycles: 0xffffffff, max_idle_ns: 7645041785100000 ns
[    4.059540] futex hash table entries: 512 (order: 3, 32768 bytes)
[    4.071250] pinctrl core: initialized pinctrl subsystem
[    4.073034] RTC time: 13:41:46, date: 08/10/17
[    4.097770] NET: Registered protocol family 16
[    4.139101] cpuidle: using governor ladder
[    4.210296] cpuidle: using governor menu
[    4.264259] PCCT header not found.
[    4.304220] ACPI: bus type PCI registered
[    4.305695] acpiphp: ACPI Hot Plug PCI Controller Driver version: 0.5
[    4.307951] PCI: Using configuration type 1 for base access
[    4.322310] ACPI: Added _OSI(Module Device)
[    4.346208] ACPI: Added _OSI(Processor Device)
[    4.349844] ACPI: Added _OSI(3.0 _SCP Extensions)
[    4.390689] ACPI: Added _OSI(Processor Aggregator Device)
[    4.438875] ACPI: Executed 1 blocks of module-level executable AML code
[    4.463121] ACPI: Interpreter enabled
[    4.471926] ACPI: (supports S0 S5)
[    4.478820] ACPI: Using IOAPIC for interrupt routing
[    4.506150] PCI: Using host bridge windows from ACPI; if necessary, use "pci=nocrs" and report a bug
[    4.515755] ACPI: PCI Root Bridge [PCI0] (domain 0000 [bus 00-ff])
[    4.543595] acpi PNP0A03:00: _OSC: OS supports [ASPM ClockPM Segments MSI]
[    4.545479] acpi PNP0A03:00: _OSC failed (AE_NOT_FOUND); disabling ASPM
[    4.562908] acpi PNP0A03:00: fail to add MMCONFIG information, can't access extended PCI configuration space under this bridge.
[    4.579947] PCI host bridge to bus 0000:00
[    4.609658] pci_bus 0000:00: root bus resource [io  0x0000-0x0cf7 window]
[    4.645270] pci_bus 0000:00: root bus resource [io  0x0d00-0xffff window]
[    4.715635] pci_bus 0000:00: root bus resource [mem 0x000a0000-0x000bffff window]
[    4.781932] pci_bus 0000:00: root bus resource [mem 0x40000000-0xffdfffff window]
[    4.847030] pci_bus 0000:00: root bus resource [bus 00-ff]
[    4.898416] pci 0000:00:01.1: legacy IDE quirk: reg 0x10: [io  0x01f0-0x01f7]
[    4.931685] pci 0000:00:01.1: legacy IDE quirk: reg 0x14: [io  0x03f6]
[    4.947879] pci 0000:00:01.1: legacy IDE quirk: reg 0x18: [io  0x0170-0x0177]
[    5.003781] pci 0000:00:01.1: legacy IDE quirk: reg 0x1c: [io  0x0376]
[    5.078236] pci 0000:00:07.0: quirk: [io  0x4000-0x403f] claimed by PIIX4 ACPI
[    5.087011] pci 0000:00:07.0: quirk: [io  0x4100-0x410f] claimed by PIIX4 SMB
[    5.166146] ACPI: PCI Interrupt Link [LNKA] (IRQs 5 9 10 *11)
[    5.220230] ACPI: PCI Interrupt Link [LNKB] (IRQs 5 9 10 *11)
[    5.253773] ACPI: PCI Interrupt Link [LNKC] (IRQs 5 9 *10 11)
[    5.269280] ACPI: PCI Interrupt Link [LNKD] (IRQs 5 *9 10 11)
[    5.326225] ACPI: Enabled 2 GPEs in block 00 to 07
[    5.383689] vgaarb: setting as boot device: PCI:0000:00:02.0
[    5.406641] vgaarb: device added: PCI:0000:00:02.0,decodes=io+mem,owns=io+mem,locks=none
[    5.408785] vgaarb: loaded
[    5.409623] vgaarb: bridge control possible 0000:00:02.0
[    5.437132] SCSI subsystem initialized
[    5.469833] ACPI: bus type USB registered
[    5.484632] usbcore: registered new interface driver usbfs
[    5.536025] usbcore: registered new interface driver hub
[    5.543984] usbcore: registered new device driver usb
[    5.553911] PCI: Using ACPI for IRQ routing
[    5.558663] NetLabel: Initializing
[    5.571075] NetLabel:  domain hash size = 128
[    5.623036] NetLabel:  protocols = UNLABELED CIPSOv4
[    5.654436] NetLabel:  unlabeled traffic allowed by default
[    5.656329] amd_nb: Cannot enumerate AMD northbridges
[    5.663178] clocksource: Switched to clocksource kvm-clock
[    5.674533] AppArmor: AppArmor Filesystem Enabled
[    5.698315] pnp: PnP ACPI init
[    5.700563] pnp: PnP ACPI: found 3 devices
[    5.725606] clocksource: acpi_pm: mask: 0xffffff max_cycles: 0xffffff, max_idle_ns: 2085701024 ns
[    5.746457] NET: Registered protocol family 2
[    5.749326] TCP established hash table entries: 8192 (order: 4, 65536 bytes)
[    5.769800] TCP bind hash table entries: 8192 (order: 5, 131072 bytes)
[    5.771392] TCP: Hash tables configured (established 8192 bind 8192)
[    5.781406] UDP hash table entries: 512 (order: 2, 16384 bytes)
[    5.792425] UDP-Lite hash table entries: 512 (order: 2, 16384 bytes)
[    5.794020] NET: Registered protocol family 1
[    5.813555] pci 0000:00:00.0: Limiting direct PCI/PCI transfers
[    5.816949] pci 0000:00:01.0: Activating ISA DMA hang workarounds
[    5.835987] Unpacking initramfs...
[    7.982637] Freeing initrd memory: 10840K (ffff880036ac4000 - ffff88003755a000)
[    8.031579] RAPL PMU detected, API unit is 2^-32 Joules, 4 fixed counters 10737418240 ms ovfl timer
[    8.171063] hw unit of domain pp0-core 2^-0 Joules
[    8.205557] hw unit of domain package 2^-0 Joules
[    8.257090] hw unit of domain dram 2^-0 Joules
[    8.258285] hw unit of domain pp1-gpu 2^-0 Joules
[    8.259741] platform rtc_cmos: registered platform RTC device (no PNP device found)
[    8.293055] Scanning for low memory corruption every 60 seconds
[    8.295320] audit: initializing netlink subsys (disabled)
[    8.305192] audit: type=2000 audit(1502372510.336:1): initialized
[    8.352588] Initialise system trusted keyring
[    8.372391] HugeTLB registered 2 MB page size, pre-allocated 0 pages
[    8.459316] zbud: loaded
[    8.515985] VFS: Disk quotas dquot_6.6.0
[    8.550315] VFS: Dquot-cache hash table entries: 512 (order 0, 4096 bytes)
[    8.575651] squashfs: version 4.0 (2009/01/31) Phillip Lougher
[    8.644891] fuse init (API version 7.23)
[    8.679966] Key type big_key registered
[    8.711164] Allocating IMA MOK and blacklist keyrings.
[    8.715046] Key type asymmetric registered
[    8.766398] Asymmetric key parser 'x509' registered
[    8.856120] Block layer SCSI generic (bsg) driver version 0.4 loaded (major 249)
[    8.926013] io scheduler noop registered
[    8.927462] io scheduler deadline registered (default)
[    8.928797] io scheduler cfq registered
[    8.929953] pci_hotplug: PCI Hot Plug PCI Core version: 0.5
[    8.931336] pciehp: PCI Express Hot Plug Controller Driver version: 0.4
[    8.982394] ACPI: AC Adapter [AC] (off-line)
[    9.016036] input: Power Button as /devices/LNXSYSTM:00/LNXPWRBN:00/input/input0
[    9.041598] ACPI: Power Button [PWRF]
[    9.042737] input: Sleep Button as /devices/LNXSYSTM:00/LNXSLPBN:00/input/input1
[    9.052452] ACPI: Sleep Button [SLPF]
[    9.056926] ACPI: Battery Slot [BAT0] (battery present)
[    9.128200] GHES: HEST is not enabled!
[    9.156409] Serial: 8250/16550 driver, 32 ports, IRQ sharing enabled
[    9.194101] 00:02: ttyS0 at I/O 0x3f8 (irq = 4, base_baud = 115200) is a 16550A
[    9.229273] Linux agpgart interface v0.103
[    9.241004] loop: module loaded
[    9.246749] scsi host0: ata_piix
[    9.249211] scsi host1: ata_piix
[    9.256273] ata1: PATA max UDMA/33 cmd 0x1f0 ctl 0x3f6 bmdma 0xd000 irq 14
[    9.261363] ata2: PATA max UDMA/33 cmd 0x170 ctl 0x376 bmdma 0xd008 irq 15
[    9.263178] tsc: Refined TSC clocksource calibration: 1599.519 MHz
[    9.267229] clocksource: tsc: mask: 0xffffffffffffffff max_cycles: 0x170e5e9b59e, max_idle_ns: 440795238710 ns
[    9.267452] libphy: Fixed MDIO Bus: probed
[    9.267456] tun: Universal TUN/TAP device driver, 1.6
[    9.267456] tun: (C) 1999-2004 Max Krasnyansky <maxk@qualcomm.com>
[    9.267525] PPP generic driver version 2.4.2
[    9.267599] ehci_hcd: USB 2.0 'Enhanced' Host Controller (EHCI) Driver
[    9.267605] ehci-pci: EHCI PCI platform driver
[    9.267625] ehci-platform: EHCI generic platform driver
[    9.267636] ohci_hcd: USB 1.1 'Open' Host Controller (OHCI) Driver
[    9.267640] ohci-pci: OHCI PCI platform driver
[    9.267651] ohci-platform: OHCI generic platform driver
[    9.267661] uhci_hcd: USB Universal Host Controller Interface driver
[    9.267740] i8042: PNP: PS/2 Controller [PNP0303:PS2K,PNP0f03:PS2M] at 0x60,0x64 irq 1,12
[    9.272569] serio: i8042 KBD port at 0x60,0x64 irq 1
[    9.272579] serio: i8042 AUX port at 0x60,0x64 irq 12
[    9.272778] mousedev: PS/2 mouse device common for all mice
[    9.273246] rtc_cmos rtc_cmos: rtc core: registered rtc_cmos as rtc0
[    9.273327] rtc_cmos rtc_cmos: alarms up to one day, 114 bytes nvram
[    9.273336] i2c /dev entries driver
[    9.273420] device-mapper: uevent: version 1.0.3
[    9.273497] device-mapper: ioctl: 4.34.0-ioctl (2015-10-28) initialised: dm-devel@redhat.com
[    9.273521] ledtrig-cpu: registered to indicate activity on CPUs
[    9.273908] NET: Registered protocol family 10
[    9.274099] NET: Registered protocol family 17
[    9.274110] Key type dns_resolver registered
[    9.275962] microcode: CPU0 sig=0x306d4, pf=0x40, revision=0x0
[    9.275977] microcode: CPU1 sig=0x306d4, pf=0x40, revision=0x0
[    9.276082] microcode: Microcode Update Driver: v2.01 <tigran@aivazian.fsnet.co.uk>, Peter Oruba
[    9.276259] registered taskstats version 1
[    9.276278] Loading compiled-in X.509 certificates
[    9.277152] Loaded X.509 cert 'Build time autogenerated kernel key: 420a71e958a947963108b13c1c2e45412a03ca90'
[    9.277174] zswap: loaded using pool lzo/zbud
[    9.278676] Key type trusted registered
[    9.281166] Key type encrypted registered
[    9.281173] AppArmor: AppArmor sha1 policy hashing enabled
[    9.281176] ima: No TPM chip found, activating TPM-bypass!
[    9.281199] evm: HMAC attrs: 0x1
[    9.281574]   Magic number: 13:274:685
[    9.281592]  clocksource: hash matches
[    9.292648] rtc_cmos rtc_cmos: setting system clock to 2017-08-10 13:41:51 UTC (1502372511)
[    9.292998] BIOS EDD facility v0.16 2004-Jun-25, 0 devices found
[    9.292999] EDD information not available.
[    9.381354] input: AT Translated Set 2 keyboard as /devices/platform/i8042/serio0/input/input2
[   10.437031] Freeing unused kernel memory: 1488K (ffffffff81f45000 - ffffffff820b9000)
[   10.555267] Write protecting the kernel read-only data: 14336k
[   10.575700] Freeing unused kernel memory: 1752K (ffff88000184a000 - ffff880001a00000)
[   10.606385] Freeing unused kernel memory: 112K (ffff880001de4000 - ffff880001e00000)
Loading, please wait...
starting version[   10.674083] random: systemd-udevd: uninitialized urandom read (16 bytes read, 5 bits of entropy available)
 229
[   10.675172] random: udevadm: uninitialized urandom read (16 bytes read, 5 bits of entropy available)
[   10.675231] random: udevadm: uninitialized urandom read (16 bytes read, 5 bits of entropy available)
[   10.675413] random: udevadm: uninitialized urandom read (16 bytes read, 5 bits of entropy available)
[   10.675476] random: udevadm: uninitialized urandom read (16 bytes read, 5 bits of entropy available)
[   10.675537] random: udevadm: uninitialized urandom read (16 bytes read, 5 bits of entropy available)
[   10.675681] random: udevadm: uninitialized urandom read (16 bytes read, 5 bits of entropy available)
[   10.675743] random: udevadm: uninitialized urandom read (16 bytes read, 5 bits of entropy available)
[   10.675800] random: udevadm: uninitialized urandom read (16 bytes read, 5 bits of entropy available)
[   10.675861] random: udevadm: uninitialized urandom read (16 bytes read, 5 bits of entropy available)
[   10.841822] e1000: Intel(R) PRO/1000 Network Driver - version 7.3.21-k8-NAPI
[   10.848444] e1000: Copyright (c) 1999-2006 Intel Corporation.
[   10.862379] Fusion MPT base driver 3.04.20
[   10.876937] Copyright (c) 1999-2008 LSI Corporation
[   10.910455] AVX version of gcm_enc/dec engaged.
[   10.918570] AES CTR mode by8 optimization enabled
[   10.932900] Fusion MPT SPI Host driver 3.04.20
[   11.103498] input: ImExPS/2 Generic Explorer Mouse as /devices/platform/i8042/serio1/input/input4
[   11.261959] e1000 0000:00:03.0 eth0: (PCI:33MHz:32-bit) 02:c0:e2:3c:71:11
[   11.335532] e1000 0000:00:03.0 eth0: Intel(R) PRO/1000 Network Connection
[   11.369416] mptbase: ioc0: Initiating bringup
[   11.435865] ioc0: LSI53C1030 A0: Capabilities={Initiator}
[   11.721961] scsi host2: ioc0: LSI53C1030 A0, FwRev=00000000h, Ports=1, MaxQ=256, IRQ=20
[   11.864345] scsi 2:0:0:0: Direct-Access     VBOX     HARDDISK         1.0  PQ: 0 ANSI: 5
[   11.907266] scsi target2:0:0: Beginning Domain Validation
[   11.932120] scsi target2:0:0: Domain Validation skipping write tests
[   11.941590] scsi target2:0:0: Ending Domain Validation
[   11.943206] scsi target2:0:0: asynchronous
[   11.948173] scsi 2:0:1:0: Direct-Access     VBOX     HARDDISK         1.0  PQ: 0 ANSI: 5
[   11.959941] scsi target2:0:1: Beginning Domain Validation
[   11.971536] scsi target2:0:1: Domain Validation skipping write tests
[   11.985108] scsi target2:0:1: Ending Domain Validation
[   12.009317] scsi target2:0:1: asynchronous
[   12.028188] sd 2:0:0:0: Attached scsi generic sg0 type 0
[   12.045261] sd 2:0:0:0: [sda] 20971520 512-byte logical blocks: (10.7 GB/10.0 GiB)
[   12.052937] sd 2:0:0:0: [sda] Write Protect is off
[   12.057527] sd 2:0:0:0: [sda] Incomplete mode parameter data
[   12.066001] sd 2:0:0:0: [sda] Assuming drive cache: write through
[   12.067845] sd 2:0:1:0: Attached scsi generic sg1 type 0
[   12.094162] sd 2:0:1:0: [sdb] 20480 512-byte logical blocks: (10.5 MB/10.0 MiB)
[   12.104123] sd 2:0:1:0: [sdb] Write Protect is off
[   12.105913]  sda: sda1
[   12.109436] sd 2:0:1:0: [sdb] Incomplete mode parameter data
[   12.111129] sd 2:0:1:0: [sdb] Assuming drive cache: write through
[   12.113485] sd 2:0:0:0: [sda] Attached SCSI disk
[   12.126284] sd 2:0:1:0: [sdb] Attached SCSI disk
[   12.306661] e1000 0000:00:08.0 eth1: (PCI:33MHz:32-bit) 08:00:27:e1:15:56
[   12.376331] e1000 0000:00:08.0 eth1: Intel(R) PRO/1000 Network Connection
[   12.454242] e1000 0000:00:08.0 enp0s8: renamed from eth1
[   12.535552] e1000 0000:00:03.0 enp0s3: renamed from eth0
[   13.939408] floppy0: no floppy controllers found
Begin: Loading e[   15.406421] md: linear personality registered for level -1
ssential drivers ... [   15.479432] md: multipath personality registered for level -4
[   15.506654] md: raid0 personality registered for level 0
[   15.521888] md: raid1 personality registered for level 1
[   15.623763] raid6: sse2x1   gen()  7590 MB/s
[   15.779191] raid6: sse2x1   xor()  5645 MB/s
[   15.895502] raid6: sse2x2   gen()  9583 MB/s
[   15.995486] raid6: sse2x2   xor()  6249 MB/s
[   16.103243] raid6: sse2x4   gen() 10370 MB/s
[   16.175500] raid6: sse2x4   xor()  6138 MB/s
[   16.185562] raid6: using algorithm sse2x4 gen() 10370 MB/s
[   16.193743] raid6: .... xor() 6138 MB/s, rmw enabled
[   16.195195] raid6: using ssse3x2 recovery algorithm
[   16.209537] xor: automatically using best checksumming function:
[   16.279317]    avx       : 11665.000 MB/sec
[   16.296842] async_tx: api initialized (async)
[   16.324793] md: raid6 personality registered for level 6
[   16.326696] md: raid5 personality registered for level 5
[   16.347914] md: raid4 personality registered for level 4
[   16.386834] md: raid10 personality registered for level 10
done.
Begin: Running /scripts/init-premount ... done.
Begin: Mounting root file syst[   16.461087] Btrfs loaded
em ... Begin: Running /scripts/local-top ... don[   16.528752] EXT4-fs (sda1): mounted filesystem with ordered data mode. Opts: (null)
e.
Begin: Running /scripts/local-premount ... Scanning for Btrfs filesystems
done.
Warning: fsck not present, so skipping root file system
done.
Begin: Running /scripts/local-bottom ... done.
Begin: Running /scripts/init-bottom ... done.
[   16.676912] systemd[1]: systemd 229 running in system mode. (+PAM +AUDIT +SELINUX +IMA +APPARMOR +SMACK +SYSVINIT +UTMP +LIBCRYPTSETUP +GCRYPT +GNUTLS +ACL +XZ -LZ4 +SECCOMP +BLKID +ELFUTILS +KMOD -IDN)
[   16.928181] systemd[1]: Detected virtualization oracle.
[   17.024623] systemd[1]: Detected architecture x86-64.

Welcome to [1mUbuntu 16.04.3 LTS[0m!

[   17.116535] systemd[1]: Set hostname to <ubuntu>.
[   17.219243] systemd[1]: Initializing machine ID from random generator.
[   17.265624] systemd[1]: Installed transient /etc/machine-id file.
[   17.507928] systemd[1]: Listening on Journal Audit Socket.
[[0;32m  OK  [0m] Listening on Journal Audit Socket.
[   17.636470] systemd[1]: Listening on LVM2 poll daemon socket.
[[0;32m  OK  [0m] Listening on LVM2 poll daemon socket.
[   17.704035] systemd[1]: Listening on udev Kernel Socket.
[[0;32m  OK  [0m] Listening on udev Kernel Socket.
[   17.835715] systemd[1]: Listening on Journal Socket (/dev/log).
[[0;32m  OK  [0m] Listening on Journal Socket (/dev/log).
[   17.900152] systemd[1]: Started Forward Password Requests to Wall Directory Watch.
[[0;32m  OK  [0m] Started Forward Password Requests to Wall Directory Watch.
[   18.035959] systemd[1]: Listening on udev Control Socket.
[[0;32m  OK  [0m] Listening on udev Control Socket.
[   18.139839] systemd[1]: Reached target User and Group Name Lookups.
[[0;32m  OK  [0m] Reached target User and Group Name Lookups.
[   18.212383] systemd[1]: Listening on Syslog Socket.
[[0;32m  OK  [0m] Listening on Syslog Socket.
[   18.310731] systemd[1]: Set up automount Arbitrary Executable File Formats File System Automount Point.
[[0;32m  OK  [0m] Set up automount Arbitrary Executab...ats File System Automount Point.
[   18.343755] systemd[1]: Listening on Device-mapper event daemon FIFOs.
[[0;32m  OK  [0m] Listening on Device-mapper event daemon FIFOs.
[   18.412180] systemd[1]: Reached target Swap.
[[0;32m  OK  [0m] Reached target Swap.
[   18.456024] systemd[1]: Created slice System Slice.
[[0;32m  OK  [0m] Created slice System Slice.
[   18.482150] systemd[1]: Created slice system-serial\x2dgetty.slice.
[[0;32m  OK  [0m] Created slice system-serial\x2dgetty.slice.
[   18.546329] systemd[1]: Listening on /dev/initctl Compatibility Named Pipe.
[[0;32m  OK  [0m] Listening on /dev/initctl Compatibility Named Pipe.
[   18.616802] systemd[1]: Created slice User and Session Slice.
[[0;32m  OK  [0m] Created slice User and Session Slice.
[   18.648526] systemd[1]: Reached target Slices.
[[0;32m  OK  [0m] Reached target Slices.
[   18.719075] systemd[1]: Reached target Encrypted Volumes.
[[0;32m  OK  [0m] Reached target Encrypted Volumes.
[   18.776219] systemd[1]: Started Trigger resolvconf update for networkd DNS.
[[0;32m  OK  [0m] Started Trigger resolvconf update for networkd DNS.
[   18.887564] systemd[1]: Listening on Journal Socket.
[   19.024873] random: nonblocking pool is initialized
[[0;32m  OK  [0m] Listening on Journal Socket.
[   19.144252] systemd[1]: Starting Load Kernel Modules...
[   19.177115] Loading iSCSI transport class v2.0-870.
         Starting Load Kernel Mo[   19.223005] iscsi: registered transport (tcp)
dules...
[   19.279684] iscsi: registered transport (iser)
[   19.323869] systemd[1]: Mounting Debug File System...
         Mounting Debug File System...
[   19.401101] systemd[1]: Starting Uncomplicated firewall...
         Starting Uncomplicated firewall...
[   19.459772] systemd[1]: Mounting POSIX Message Queue File System...
         Mounting POSIX Message Queue File System...
[   19.587886] systemd[1]: Starting Set console keymap...
         Starting Set console keymap...
[   19.621145] systemd[1]: Starting Journal Service...
         Starting Journal Service...
[   19.679400] systemd[1]: Mounting Huge Pages File System...
         Mounting Huge Pages File System...
[   19.711800] systemd[1]: Starting Create list of required static device nodes for the current kernel...
         Starting Create list of required st... nodes for the current kernel...
[   19.756873] systemd[1]: Starting Nameserver information manager...
         Starting Nameserver information manager...
[   19.816038] systemd[1]: Starting Remount Root and Kernel File Systems...
[   19.819968] EXT4-fs (sda1): re-mounted. Opts: (null)
         Starting Remount Root and Kernel File Systems...
[   19.861050] systemd[1]: Listening on LVM2 metadata daemon socket.
[[0;32m  OK  [0m] Listening on LVM2 metadata daemon socket.
[   19.888079] systemd[1]: Starting Monitoring of LVM2 mirrors, snapshots etc. using dmeventd or progress polling...
         Starting Monitoring of LVM2 mirrors... dmeventd or progress polling...
[   19.904097] systemd[1]: Mounted POSIX Message Queue File System.
[[0;32m  OK  [0m] Mounted POSIX Message Queue File System.
[   19.932397] systemd[1]: Mounted Huge Pages File System.
[[0;32m  OK  [0m] Mounted Huge Pages File System.
[   19.941968] systemd[1]: Mounted Debug File System.
[[0;32m  OK  [0m] Mounted Debug File System.
[   19.944911] systemd[1]: Started Journal Service.
[[0;32m  OK  [0m] Started Journal Service.
[[0;32m  OK  [0m] Started Load Kernel Modules.
[[0;32m  OK  [0m] Started Uncomplicated firewall.
[[0;32m  OK  [0m] Started Set console keymap.
[[0;32m  OK  [0m] Started Create list of required sta...ce nodes for the current kernel.
[[0;32m  OK  [0m] Started Remount Root and Kernel File Systems.
[[0;32m  OK  [0m] Started Nameserver information manager.
[[0;32m  OK  [0m] Started LVM2 metadata daemon.
         Starting Initial cloud-init job (pre-networking)...
         Starting udev Coldplug all Devices...
         Starting Load/Save Random Seed...
         Starting Create Static Device Nodes in /dev...
         Mounting FUSE Control File System...
         Starting Apply Kernel Variables...
         Starting Flush Journal to Persistent Storage...
[[0;32m  OK  [0m] Mounted FUSE Control File System.
[[0;32m  OK  [0m] Started Load/Save Random Seed.
[[0;32m  OK  [0m] Started Monitoring of LVM2 mirrors,...ng dmeventd or progress polling.
[[0;32m  OK  [0m] Started Create Static Device Nodes in /dev.
[[0;32m  OK  [0m] Started Apply Kernel Variables.
[[0;32m  OK  [0m] Started udev Coldplug all Devices.
[[0;32m  OK  [0m] Started Flush Journal to Persistent Storage.
         Starting udev Kernel Device Manager...
[[0;32m  OK  [0m] Started udev Kernel Device Manager.
[[0;32m  OK  [0m] Started Dispatch Password Requests to Console Directory Watch.
[[0;32m  OK  [0m] Reached target Local File Systems (Pre).
[[0;32m  OK  [0m] Reached target Local File Systems.
         Starting Set console font and keymap...
         Starting LSB: AppArmor initialization...
         Starting Create Volatile Files and Directories...
         Starting Commit a transient machine-id on disk...
         Starting Tell Plymouth To Write Out Runtime Data...
[[0;32m  OK  [0m] Started Create Volatile Files and Directories.
[[0;32m  OK  [0m] Started Commit a transient machine-id on disk.
[[0;32m  OK  [0m] Started Tell Plymouth To Write Out Runtime Data.
[[0;32m  OK  [0m] Found device /dev/ttyS0.
[[0;32m  OK  [0m] Reached target System Time Synchronized.
         Starting Update UTMP about System Boot/Shutdown...
[[0;32m  OK  [0m] Started Update UTMP about System Boot/Shutdown.
[   16.609504] cloud-init[448]: Cloud-init v. 0.7.9 running 'init-local' at Thu, 10 Aug 2017 13:42:03 +0000. Up 15.89 seconds.
[[0;32m  OK  [0m] Listening on Load/Save RF Kill Switch Status /dev/rfkill Watch.
[[0;32m  OK  [0m] Started Initial cloud-init job (pre-networking).
[[0;32m  OK  [0m] Reached target Network (Pre).
[[0;32m  OK  [0m] Started LSB: AppArmor initialization.
         Starting Raise network interfaces...
[[0;32m  OK  [0m] Started Set console font and keymap.
[[0;32m  OK  [0m] Created slice system-getty.slice.
[[0;32m  OK  [0m] Started Raise network interfaces.
         Starting Initial cloud-init job (metadata service crawler)...
[[0;32m  OK  [0m] Reached target Network.
[   20.383633] cloud-init[964]: Cloud-init v. 0.7.9 running 'init' at Thu, 10 Aug 2017 13:42:07 +0000. Up 19.73 seconds.
[   20.468634] cloud-init[964]: ci-info: ++++++++++++++++++++++++++++++++++++++Net device info++++++++++++++++++++++++++++++++++++++
[[0;32m  OK  [0m] Started Initial cloud-init job (metadata service crawler).
[   20.525997] cloud-init[964]: ci-info: +--------+-------+----------------------------+---------------+-------+-------------------+
[[0;32m  OK  [0m] Reached target Cloud-config availability.
[   20.564342] [cloud-init[0;32m  OK  [0m[964]: ] ci-info: | Device |   Up  |          Address           |      Mask     | Scope |     Hw-Address    |Reached target Network is Online.

[   20.712779]          cloud-initStarting iSCSI initiator daemon (iscsid)...[964]: 
ci-info: +--------+-------+----------------------------+---------------+-------+-------------------+
[   20.796527] [cloud-init[0;32m  OK  [0m[964]: ] ci-info: |   lo   |  True |         127.0.0.1          |   255.0.0.0   |   .   |         .         |Reached target System Initialization.

[   20.868690] [cloud-init[0;32m  OK  [0m[964]: ] ci-info: |   lo   |  True |          ::1/128           |       .       |  host |         .         |Started Timer to automatically refresh installed snaps.

[[0;32m  OK  [0m] Started Daily Cleanup of Temporary Directories.
[   20.869673] cloud-init[964]: ci-info: | enp0s3 |  True |         10.0.2.15          | 255.255.255.0 |   .   | 02:c0:e2:3c:71:11 |
[   21.097007]          cloud-initStarting LXD - unix socket.[964]: 
ci-info: | enp0s3 |  True | fe80::c0:e2ff:fe3c:7111/64 |       .       |  link | 02:c0:e2:3c:71:11 |
[   21.141887] [cloud-init[0;32m  OK  [0m[964]: ] ci-info: | enp0s8 | False |             .              |       .       |   .   | 08:00:27:e1:15:56 |Listening on ACPID Listen Socket.

[   21.142661] cloud-init[964]: ci-info: +--------+-------+----------------------------+---------------+-------+-------------------+
[   21.349230] [cloud-init[0;32m  OK  [0m[964]: ] ci-info: +++++++++++++++++++++++++++Route IPv4 info++++++++++++++++++++++++++++Started ACPI Events Check.

[[0;32m  OK  [0m] Reached target Paths.
[[0;32m  OK  [0m] Listening on UUID daemon activation socket.
[   21.350403] cloud-init[964]: ci-info: +-------+-------------+----------+---------------+-----------+-------+
[   21.553265]          cloud-initStarting Socket activation for snappy daemon.[964]: 
ci-info: | Route | Destination | Gateway  |    Genmask    | Interface | Flags |
[   21.586062] [cloud-init[0;32m  OK  [0m[964]: ] ci-info: +-------+-------------+----------+---------------+-----------+-------+Listening on D-Bus System Message Bus Socket.

[[0;32m  OK  [0m] Started Daily apt download activities.
[[0;32m  OK  [0m] Started Daily apt upgrade and clean activities.
[   21.586849] cloud-init[964]: ci-info: |   0   |   0.0.0.0   | 10.0.2.2 |    0.0.0.0    |   enp0s3  |   UG  |
[[0;32m  OK  [0m] Reached target Timers.
[   21.682820] cloud-init[964]: ci-info: |   1   |   10.0.2.0  | 0.0.0.0  | 255.255.255.0 |   enp0s3  |   U   |
[   21.745240] [[0;32m  OK  [0m] Listening on LXD - unix socket.
[[0;32m  OK  [0m] Listening on Socket activation for snappy daemon.
[[0;32m  OK  [0m] Started iSCSI initiator daemon (iscsid).
cloud-init[964]: ci-info: +-------+-------------+----------+---------------+-----------+-------+
[   21.790475] cloud-init[964]: Generating public/private rsa key pair.
         Starting Login to default iSCSI targets...
[[0;32m  OK  [0m] Reached target Sockets.
[[0;32m  OK  [0m] Reached target Basic System.
[[0;32m  OK  [0m] Started Unattended Upgrades Shutdown.
[   21.808551] cloud-init[964]: Your identification has been saved in /etc/ssh/ssh_host_rsa_key.
[   21.964736] cloud-init[964]: Your public key has been saved in /etc/ssh/ssh_host_rsa_key.pub.
[   22.012361] cloud-init[964]: The key fingerprint is:
[   22.044540] cloud-init[964]: SHA256:HHtUNxHbLdg+ljCTxZc7UrKtY00D+hBKXpelr+T2XRE root@ubuntu-xenial
[   22.108770] cloud-init[964]: The key's randomart image is:
         Starting Apply the settings specified in cloud-config...
[   22.159056] cloud-init[964]: +---[RSA 2048]----+
[   22.224383] cloud-init[964]: |            ..O+.|
[   22.258156] [cloud-init[0;32m  OK  [0m[964]: ] |         . + @o*o|Started Regular background program processing daemon.

[   22.258756] cloud-init[964]: |        + + X.XE+|
[[0;32m  OK  [0m[   22.330888] cloud-init[964]: |       . * o B.O.|
[   22.330943] cloud-init[964]: |        S . o.Xoo|
[   22.330983] cloud-init[964]: |         .  o*.o.|
[   22.331018] cloud-init[964]: |            .+. .|
[   22.331052] cloud-init[964]: |            . . o|
[   22.331086] cloud-init[964]: |               ..|
[   22.331119] cloud-init[964]: +----[SHA256]-----+
[   22.331152] cloud-init[964]: Generating public/private dsa key pair.
[   22.331187] cloud-init[964]: Your identification has been saved in /etc/ssh/ssh_host_dsa_key.
[   22.331223] cloud-init[964]: Your public key has been saved in /etc/ssh/ssh_host_dsa_key.pub.
[   22.331256] cloud-init[964]: The key fingerprint is:
[   22.331290] cloud-init[964]: SHA256:9ht+F+iEqb/RwqdORGIKIr90TKGmWahyd3S1pqzjbx4 root@ubuntu-xenial
[   22.331323] cloud-init[964]: The key's randomart image is:
[   22.331356] cloud-init[964]: +---[DSA 1024]----+
[   22.331389] cloud-init[964]: |    .     .      |
[   22.331421] cloud-init[964]: | . . .   . .     |
[   22.331454] cloud-init[964]: |o = o . + +      |
[   22.331489] cloud-init[964]: |.B + o = =       |
[   22.331522] cloud-init[964]: |= + + o S .o .   |
[   22.331556] cloud-init[964]: |.o + . o +o.o .  |
[   22.331589] cloud-init[964]: |  .   o E.Boo  . |
[   22.331622] cloud-init[964]: |     . .o+ Bo .  |
[   22.331654] cloud-init[964]: |      .+ooBo .   |
[   22.331686] cloud-init[964]: +----[SHA256]-----+
[   22.331719] cloud-init[964]: Generating public/private ecdsa key pair.
[   22.331751] cloud-init[964]: Your identification has been saved in /etc/ssh/ssh_host_ecdsa_key.
[   22.331785] cloud-init[964]: Your public key has been saved in /etc/ssh/ssh_host_ecdsa_key.pub.
[   22.331818] cloud-init[964]: The key fingerprint is:
[   22.331850] cloud-init[964]: SHA256:t/LgRPHRTZtXSGsxxhfNJ9gRlxrtmoa/aUGy+B+fnXI root@ubuntu-xenial
[   22.331886] cloud-init[964]: The key's randomart image is:
[   22.331919] cloud-init[964]: +---[ECDSA 256]---+
[   22.331951] cloud-init[964]: |             =X**|
[   22.331984] cloud-init[964]: |           ..==X*|
[   22.332022] cloud-init[964]: |        . . . Xoo|
[   22.333957] cloud-init[964]: |         o o + o |
[   22.334109] cloud-init[964]: |        S + = o  |
[   22.334158] cloud-init[964]: |       . o + =   |
[   22.334201] cloud-init[964]: |        + o o..  |
] Started D-Bus System Message Bus.
[   22.337338] cloud-init[964]: |       o + . ++E+|
[   23.209755] cloud-init[964]: |        . . o+++.|
[   23.224356] cloud-init[964]: +----[SHA256]-----+
[   23.226639] cloud-init[964]: Generating public/private ed25519 key pair.
[   23.234878] cloud-init[964]: Your identification has been saved in /etc/ssh/ssh_host_ed25519_key.
[   23.235339] cloud-init[964]: Your public key has been saved in /etc/ssh/ssh_host_ed25519_key.pub.
         Starting Pollinate to seed the pseudo random number generator...
[   23.236713] cloud-init[964]: The key fingerprint is:
[   23.284558] cloud-init[964]: SHA256:M6axoNagXtFqBU6tWDLzSFeVYCyj8aNlmLvDDic4L7A root@ubuntu-xenial
[   23.312688] [[0;32m  OK  [0m] Started Snappy daemon.
cloud-init[964]: The key's randomart image is:
[   23.390058]          cloud-initStarting Login Service...[964]: 
+--[ED25519 256]--+
[   23.516742] [[0;32m  OK  [0m] Started FUSE filesystem for LXC.
cloud-init[964]: |    .+o..        |
[   23.601887]          cloud-initStarting LXD - container startup/shutdown...[964]: 
| . o+. .         |
[   23.641129] [cloud-init[0;32m  OK  [0m[964]: ] | =*=o.           |Started ACPI event daemon.

[   23.680578]          cloud-initStarting Accounts Service...[964]: 
|.+%=+            |
[   23.696210] cloud-init[964]: | o*=oo. S        |
         Starting /etc/rc.local Compatibility...
[   23.702649] cloud-init[964]: |o+ ++. = o       |
[   23.736715] cloud-init[964]: |O.=+. o          |
[[0;32m  OK  [0m] Started Deferred execution scheduler.
[   23.757971] cloud-init[964]: |EXo              |
[   23.810791]          Starting LSB: MD monitoring daemon...
cloud-init         Starting Auto import assertions from block devices...
[964]: |.+o              |
[   23.819556]          cloud-initStarting LSB: Record successful boot for GRUB...[964]: 
+----[SHA256]-----+
         Starting System Logging Service...
[[0;32m  OK  [0m] Started LXD - container startup/shutdown.
[   23.855961] [[0;32m  OK  [0m] Started /etc/rc.local Compatibility.
cloud-init[1064]: Generating locales (this might take a while)...
[[0;32m  OK  [0m] Started Auto import assertions from block devices.
[[0;32m  OK  [0m] Started System Logging Service.
[   23.881821] cloud-init[1064]:   en_US.UTF-8... done
[   23.938685] cloud-init[1064]: Generation complete.
[[0;32m  OK  [0m] Started Login to default iSCSI targets.
[[0;32m  OK  [0m] Started LSB: MD monitoring daemon.
[[0;32m  OK  [0m] Started LSB: Record successful boot for GRUB.
[[0;32m  OK  [0m] Started Login Service.
[[0;32m  OK  [0m] Stopped OpenBSD Secure Shell server.
         Starting OpenBSD Secure Shell server...
         Starting Authenticate and Authorize Users to Run Privileged Tasks...
[[0;32m  OK  [0m] Reached target Remote File Systems (Pre).
[[0;32m  OK  [0m] Reached target Remote File Systems.
         Starting LSB: automatic crash report generation...
         Starting LSB: daemon to balance interrupts for SMP systems...
         Starting Permit User Sessions...
         Starting LSB: Set the CPU Frequency Scaling governor to "ondemand"...
         Starting LSB: VirtualBox Linux Additions...
[[0;32m  OK  [0m] Started OpenBSD Secure Shell server.
[[0;32m  OK  [0m] Started Permit User Sessions.
[[0;32m  OK  [0m] Started Authenticate and Authorize Users to Run Privileged Tasks.
[[0;32m  OK  [0m] Started Accounts Service.
         Starting Hold until boot process finishes up...
         Starting Terminate Plymouth Boot Screen...
[[0;32m  OK  [0m] Started LSB: automatic crash report generation.
[[0;32m  OK  [0m] Started LSB: daemon to balance interrupts for SMP systems.
[[0;32m  OK  [0m] Started LSB: Set the CPU Frequency Scaling governor to "ondemand".
[[0;32m  OK  [0m] Started LSB: VirtualBox Linux Additions.
[[0;32m  OK  [0m] Started Hold until boot process finishes up.
[[0;32m  OK  [0m] Started Terminate Plymouth Boot Screen.
[[0;32m  OK  [0m] Created slice User Slice of ubuntu.
         Starting User Manager for UID 1000...
[[0;32m  OK  [0m] Started Session 1 of user ubuntu.
[   24.859972] cloud-init[1064]: Cloud-init v. 0.7.9 running 'modules:config' at Thu, 10 Aug 2017 13:42:09 +0000. Up 22.23 seconds.
[[0;32m  OK  [0m] Started Serial Getty on ttyS0.
[[0;32m  OK  [0m] Started Getty on tty1.
[[0;32m  OK  [0m] Reached target Login Prompts.
         Starting Set console scheme...
[[0;32m  OK  [0m] Started User Manager for UID 1000.
[[0;32m  OK  [0m] Started Apply the settings specified in cloud-config.
[[0;32m  OK  [0m] Started Set console scheme.
[[0;32m  OK  [0m] Started Session 2 of user ubuntu.
[[0;32m  OK  [0m] Started Pollinate to seed the pseudo random number generator.
[[0;32m  OK  [0m] Reached target Multi-User System.
         Starting Execute cloud user/final scripts...
[[0;32m  OK  [0m] Reached target Graphical Interface.
         Starting Update UTMP about System Runlevel Changes...
[[0;32m  OK  [0m] Started Update UTMP about System Runlevel Changes.
ci-info: +++++Authorized keys from /home/ubuntu/.ssh/authorized_keys for user ubuntu++++++
ci-info: +---------+-------------------------------------------------+---------+---------+
ci-info: | Keytype |                Fingerprint (md5)                | Options | Comment |
ci-info: +---------+-------------------------------------------------+---------+---------+
ci-info: | ssh-rsa | 91:4a:1c:5d:ed:86:cd:52:13:50:4f:1c:12:17:00:51 |    -    | vagrant |
ci-info: +---------+-------------------------------------------------+---------+---------+
<14>Aug 10 13:42:17 ec2: 
<14>Aug 10 13:42:17 ec2: #############################################################
<14>Aug 10 13:42:17 ec2: -----BEGIN SSH HOST KEY FINGERPRINTS-----
<14>Aug 10 13:42:17 ec2: 1024 SHA256:9ht+F+iEqb/RwqdORGIKIr90TKGmWahyd3S1pqzjbx4 root@ubuntu-xenial (DSA)
<14>Aug 10 13:42:17 ec2: 256 SHA256:t/LgRPHRTZtXSGsxxhfNJ9gRlxrtmoa/aUGy+B+fnXI root@ubuntu-xenial (ECDSA)
<14>Aug 10 13:42:17 ec2: 256 SHA256:M6axoNagXtFqBU6tWDLzSFeVYCyj8aNlmLvDDic4L7A root@ubuntu-xenial (ED25519)
<14>Aug 10 13:42:17 ec2: 2048 SHA256:HHtUNxHbLdg+ljCTxZc7UrKtY00D+hBKXpelr+T2XRE root@ubuntu-xenial (RSA)
<14>Aug 10 13:42:17 ec2: -----END SSH HOST KEY FINGERPRINTS-----
<14>Aug 10 13:42:17 ec2: #############################################################
-----BEGIN SSH HOST KEY KEYS-----
ecdsa-sha2-nistp256 AAAAE2VjZHNhLXNoYTItbmlzdHAyNTYAAAAIbmlzdHAyNTYAAABBBOnR9yMRwJQ1FgYgrX9p/OiSKrFcIRPn8PDNiufvwx/a6lUCmr7p36w5R2ua7iTmxieWWE8VY3xHu95kgxHOfiw= root@ubuntu-xenial
ssh-ed25519 AAAAC3NzaC1lZDI1NTE5AAAAIKdzndlyXEDKGf2sPEIxTxjVt+qgWct0ImUcTtn1arIE root@ubuntu-xenial
ssh-rsa AAAAB3NzaC1yc2EAAAADAQABAAABAQCxbu78HCt9XxWrfJrB/mUXQ3VRIrfwQJBY78GA5n2yQANnftOlbP7bOloveBfKi2oPFo3DQwKSsrReJwhGeXA1OaeFtyHMNGd0Y19o3s9t7WKQJuTdFyIUUUrkwmigpfmsFrJC4fm7sQJXfhLJSDa6tjlNRJRjLrzkDSBNbcZwk/Kwr3ND8T4soE4qOplgZrAmPf4HMXIeMIyFDiJSWR5p62MnHeo/isrL52AYcfIi66o1XSrNP5HnxvEhKbYpyc0metxSteBrtIf3ZoxqS0JlWmY1ufYldhyfsw+MRQOuo+qfxkKgOVDBf5h/ELyhIz4GcecmD4eiY24+HX7ItfxZ root@ubuntu-xenial
-----END SSH HOST KEY KEYS-----
[   30.337141] cloud-init[1706]: Cloud-init v. 0.7.9 running 'modules:final' at Thu, 10 Aug 2017 13:42:17 +0000. Up 30.17 seconds.
[   30.337506] cloud-init[1706]: Cloud-init v. 0.7.9 finished at Thu, 10 Aug 2017 13:42:17 +0000. Datasource DataSourceNoCloud [seed=/dev/sdb][dsmode=net].  Up 30.32 seconds

Ubuntu 16.04.3 LTS ubuntu-xenial ttyS0

ubuntu-xenial login: 