[    0.000000] Initializing cgroup subsys cpuset
[    0.000000] Initializing cgroup subsys cpu
[    0.000000] Initializing cgroup subsys cpuacct
[    0.000000] Linux version 4.4.0-89-generic (buildd@lgw01-18) (gcc version 5.4.0 20160609 (Ubuntu 5.4.0-6ubuntu1~16.04.4) ) #112-Ubuntu SMP Mon Jul 31 19:38:41 UTC 2017 (Ubuntu 4.4.0-89.112-generic 4.4.76)
[    0.000000] Command line: BOOT_IMAGE=/boot/vmlinuz-4.4.0-89-generic root=LABEL=cloudimg-rootfs ro console=tty1 console=ttyS0
[    0.000000] KERNEL supported cpus:
[    0.000000]   Intel GenuineIntel
[    0.000000]   AMD AuthenticAMD
[    0.000000]   Centaur CentaurHauls
[    0.000000] x86/fpu: xstate_offset[2]:  576, xstate_sizes[2]:  256
[    0.000000] x86/fpu: Supporting XSAVE feature 0x01: 'x87 floating point registers'
[    0.000000] x86/fpu: Supporting XSAVE feature 0x02: 'SSE registers'
[    0.000000] x86/fpu: Supporting XSAVE feature 0x04: 'AVX registers'
[    0.000000] x86/fpu: Enabled xstate features 0x7, context size is 832 bytes, using 'standard' format.
[    0.000000] x86/fpu: Using 'lazy' FPU context switches.
[    0.000000] e820: BIOS-provided physical RAM map:
[    0.000000] BIOS-e820: [mem 0x0000000000000000-0x000000000009fbff] usable
[    0.000000] BIOS-e820: [mem 0x000000000009fc00-0x000000000009ffff] reserved
[    0.000000] BIOS-e820: [mem 0x00000000000f0000-0x00000000000fffff] reserved
[    0.000000] BIOS-e820: [mem 0x0000000000100000-0x000000003ffeffff] usable
[    0.000000] BIOS-e820: [mem 0x000000003fff0000-0x000000003fffffff] ACPI data
[    0.000000] BIOS-e820: [mem 0x00000000fec00000-0x00000000fec00fff] reserved
[    0.000000] BIOS-e820: [mem 0x00000000fee00000-0x00000000fee00fff] reserved
[    0.000000] BIOS-e820: [mem 0x00000000fffc0000-0x00000000ffffffff] reserved
[    0.000000] NX (Execute Disable) protection: active
[    0.000000] SMBIOS 2.5 present.
[    0.000000] Hypervisor detected: KVM
[    0.000000] e820: last_pfn = 0x3fff0 max_arch_pfn = 0x400000000
[    0.000000] MTRR: Disabled
[    0.000000] x86/PAT: MTRRs disabled, skipping PAT initialization too.
[    0.000000] x86/PAT: Configuration [0-7]: WB  WT  UC- UC  WB  WT  UC- UC  
[    0.000000] CPU MTRRs all blank - virtualized system.
[    0.000000] found SMP MP-table at [mem 0x0009fff0-0x0009ffff] mapped at [ffff88000009fff0]
[    0.000000] Scanning 1 areas for low memory corruption
[    0.000000] RAMDISK: [mem 0x36ac4000-0x37559fff]
[    0.000000] ACPI: Early table checksum verification disabled
[    0.000000] ACPI: RSDP 0x00000000000E0000 000024 (v02 VBOX  )
[    0.000000] ACPI: XSDT 0x000000003FFF0030 00003C (v01 VBOX   VBOXXSDT 00000001 ASL  00000061)
[    0.000000] ACPI: FACP 0x000000003FFF00F0 0000F4 (v04 VBOX   VBOXFACP 00000001 ASL  00000061)
[    0.000000] ACPI: DSDT 0x000000003FFF0470 0021C8 (v02 VBOX   VBOXBIOS 00000002 INTL 20100528)
[    0.000000] ACPI: FACS 0x000000003FFF0200 000040
[    0.000000] ACPI: FACS 0x000000003FFF0200 000040
[    0.000000] ACPI: APIC 0x000000003FFF0240 00005C (v02 VBOX   VBOXAPIC 00000001 ASL  00000061)
[    0.000000] ACPI: SSDT 0x000000003FFF02A0 0001CC (v01 VBOX   VBOXCPUT 00000002 INTL 20100528)
[    0.000000] No NUMA configuration found
[    0.000000] Faking a node at [mem 0x0000000000000000-0x000000003ffeffff]
[    0.000000] NODE_DATA(0) allocated [mem 0x3ffeb000-0x3ffeffff]
[    0.000000] kvm-clock: Using msrs 4b564d01 and 4b564d00
[    0.000000] kvm-clock: cpu 0, msr 0:3ffe3001, primary cpu clock
[    0.000000] kvm-clock: using sched offset of 3280967397 cycles
[    0.000000] clocksource: kvm-clock: mask: 0xffffffffffffffff max_cycles: 0x1cd42e4dffb, max_idle_ns: 881590591483 ns
[    0.000000] Zone ranges:
[    0.000000]   DMA      [mem 0x0000000000001000-0x0000000000ffffff]
[    0.000000]   DMA32    [mem 0x0000000001000000-0x000000003ffeffff]
[    0.000000]   Normal   empty
[    0.000000]   Device   empty
[    0.000000] Movable zone start for each node
[    0.000000] Early memory node ranges
[    0.000000]   node   0: [mem 0x0000000000001000-0x000000000009efff]
[    0.000000]   node   0: [mem 0x0000000000100000-0x000000003ffeffff]
[    0.000000] Initmem setup node 0 [mem 0x0000000000001000-0x000000003ffeffff]
[    0.000000] ACPI: PM-Timer IO Port: 0x4008
[    0.000000] IOAPIC[0]: apic_id 2, version 32, address 0xfec00000, GSI 0-23
[    0.000000] ACPI: INT_SRC_OVR (bus 0 bus_irq 0 global_irq 2 dfl dfl)
[    0.000000] ACPI: INT_SRC_OVR (bus 0 bus_irq 9 global_irq 9 high level)
[    0.000000] Using ACPI (MADT) for SMP configuration information
[    0.000000] smpboot: Allowing 2 CPUs, 0 hotplug CPUs
[    0.000000] PM: Registered nosave memory: [mem 0x00000000-0x00000fff]
[    0.000000] PM: Registered nosave memory: [mem 0x0009f000-0x0009ffff]
[    0.000000] PM: Registered nosave memory: [mem 0x000a0000-0x000effff]
[    0.000000] PM: Registered nosave memory: [mem 0x000f0000-0x000fffff]
[    0.000000] e820: [mem 0x40000000-0xfebfffff] available for PCI devices
[    0.000000] Booting paravirtualized kernel on KVM
[    0.000000] clocksource: refined-jiffies: mask: 0xffffffff max_cycles: 0xffffffff, max_idle_ns: 7645519600211568 ns
[    0.000000] setup_percpu: NR_CPUS:512 nr_cpumask_bits:512 nr_cpu_ids:2 nr_node_ids:1
[    0.000000] PERCPU: Embedded 33 pages/cpu @ffff88003fc00000 s98264 r8192 d28712 u1048576
[    0.000000] PV qspinlock hash table entries: 256 (order: 0, 4096 bytes)
[    0.000000] Built 1 zonelists in Node order, mobility grouping on.  Total pages: 257913
[    0.000000] Policy zone: DMA32
[    0.000000] Kernel command line: BOOT_IMAGE=/boot/vmlinuz-4.4.0-89-generic root=LABEL=cloudimg-rootfs ro console=tty1 console=ttyS0
[    0.000000] PID hash table entries: 4096 (order: 3, 32768 bytes)
[    0.000000] Memory: 1001736K/1048120K available (8474K kernel code, 1294K rwdata, 3984K rodata, 1488K init, 1316K bss, 46384K reserved, 0K cma-reserved)
[    0.000000] SLUB: HWalign=64, Order=0-3, MinObjects=0, CPUs=2, Nodes=1
[    0.000000] Hierarchical RCU implementation.
[    0.000000] 	Build-time adjustment of leaf fanout to 64.
[    0.000000] 	RCU restricting CPUs from NR_CPUS=512 to nr_cpu_ids=2.
[    0.000000] RCU: Adjusting geometry for rcu_fanout_leaf=64, nr_cpu_ids=2
[    0.000000] NR_IRQS:33024 nr_irqs:440 16
[    0.000000] Console: colour VGA+ 80x25
[    0.000000] console [tty1] enabled
[    0.000000] console [ttyS0] enabled
[    0.000000] tsc: Detected 1599.999 MHz processor
[    2.060741] Calibrating delay loop (skipped) preset value.. 3199.99 BogoMIPS (lpj=6399996)
[    2.160401] pid_max: default: 32768 minimum: 301
[    2.223065] ACPI: Core revision 20150930
[    2.237965] ACPI: 2 ACPI AML tables successfully acquired and loaded
[    2.285558] Security Framework initialized
[    2.330546] Yama: becoming mindful.
[    2.370599] AppArmor: AppArmor initialized
[    2.397807] Dentry cache hash table entries: 131072 (order: 8, 1048576 bytes)
[    2.430754] Inode-cache hash table entries: 65536 (order: 7, 524288 bytes)
[    2.437615] Mount-cache hash table entries: 2048 (order: 2, 16384 bytes)
[    2.488538] Mountpoint-cache hash table entries: 2048 (order: 2, 16384 bytes)
[    2.531565] Initializing cgroup subsys io
[    2.549149] Initializing cgroup subsys memory
[    2.605657] Initializing cgroup subsys devices
[    2.640518] Initializing cgroup subsys freezer
[    2.651030] Initializing cgroup subsys net_cls
[    2.680893] Initializing cgroup subsys perf_event
[    2.682117] Initializing cgroup subsys net_prio
[    2.720509] Initializing cgroup subsys hugetlb
[    2.762517] Initializing cgroup subsys pids
[    2.776253] CPU: Physical Processor ID: 0
[    2.816422] CPU: Processor Core ID: 0
[    2.818433] mce: CPU supports 0 MCE banks
[    2.819730] Last level iTLB entries: 4KB 64, 2MB 8, 4MB 8
[    2.844869] Last level dTLB entries: 4KB 64, 2MB 0, 4MB 0, 1GB 4
[    2.863245] Freeing SMP alternatives memory: 32K (ffffffff820b9000 - ffffffff820c1000)
[    2.921857] ftrace: allocating 32131 entries in 126 pages
[    3.038023] smpboot: APIC(0) Converting physical 0 to logical package 0
[    3.112574] smpboot: Max logical packages: 1
[    3.154548] x2apic enabled
[    3.169681] Switched APIC routing to physical x2apic.
[    3.226177] ..TIMER: vector=0x30 apic1=0 pin1=2 apic2=-1 pin2=-1
[    3.392305] smpboot: CPU0: Intel(R) Core(TM) i5-5250U CPU @ 1.60GHz (family: 0x6, model: 0x3d, stepping: 0x4)
[    3.488787] Performance Events: unsupported p6 CPU model 61 no PMU driver, software events only.
[    3.531750] KVM setup paravirtual spinlock
[    3.548318] x86: Booting SMP configuration:
[    3.575564] .... node  #0, CPUs:      #1
[    3.600121] kvm-clock: cpu 1, msr 0:3ffe3041, secondary cpu clock
[    3.628604] mce: CPU supports 0 MCE banks
[    3.650538] x86: Booted up 1 node, 2 CPUs
[    3.655647] smpboot: Total of 2 processors activated (6399.99 BogoMIPS)
[    3.658012] devtmpfs: initialized
[    3.661428] evm: security.selinux
[    3.697881] evm: security.SMACK64
[    3.747736] evm: security.SMACK64EXEC
[    3.760421] evm: security.SMACK64TRANSMUTE
[    3.762432] evm: security.SMACK64MMAP
[    3.767338] evm: security.ima
[    3.776961] evm: security.capability
[    3.780142] clocksource: jiffies: mask: 0xffffffff max_cycles: 0xffffffff, max_idle_ns: 7645041785100000 ns
[    3.785811] futex hash table entries: 512 (order: 3, 32768 bytes)
[    3.844414] pinctrl core: initialized pinctrl subsystem
[    3.910303] RTC time: 13:15:25, date: 08/15/17
[    3.913396] NET: Registered protocol family 16
[    3.993105] cpuidle: using governor ladder
[    4.028611] cpuidle: using governor menu
[    4.089952] PCCT header not found.
[    4.136948] ACPI: bus type PCI registered
[    4.154353] acpiphp: ACPI Hot Plug PCI Controller Driver version: 0.5
[    4.170047] PCI: Using configuration type 1 for base access
[    4.189142] ACPI: Added _OSI(Module Device)
[    4.208042] ACPI: Added _OSI(Processor Device)
[    4.219846] ACPI: Added _OSI(3.0 _SCP Extensions)
[    4.237345] ACPI: Added _OSI(Processor Aggregator Device)
[    4.239466] ACPI: Executed 1 blocks of module-level executable AML code
[    4.258332] ACPI: Interpreter enabled
[    4.327039] ACPI: (supports S0 S5)
[    4.333566] ACPI: Using IOAPIC for interrupt routing
[    4.365459] PCI: Using host bridge windows from ACPI; if necessary, use "pci=nocrs" and report a bug
[    4.455743] ACPI: PCI Root Bridge [PCI0] (domain 0000 [bus 00-ff])
[    4.529701] acpi PNP0A03:00: _OSC: OS supports [ASPM ClockPM Segments MSI]
[    4.608875] acpi PNP0A03:00: _OSC failed (AE_NOT_FOUND); disabling ASPM
[    4.662067] acpi PNP0A03:00: fail to add MMCONFIG information, can't access extended PCI configuration space under this bridge.
[    4.691214] PCI host bridge to bus 0000:00
[    4.712167] pci_bus 0000:00: root bus resource [io  0x0000-0x0cf7 window]
[    4.776705] pci_bus 0000:00: root bus resource [io  0x0d00-0xffff window]
[    4.844555] pci_bus 0000:00: root bus resource [mem 0x000a0000-0x000bffff window]
[    4.889429] pci_bus 0000:00: root bus resource [mem 0x40000000-0xffdfffff window]
[    4.956282] pci_bus 0000:00: root bus resource [bus 00-ff]
[    5.002454] pci 0000:00:01.1: legacy IDE quirk: reg 0x10: [io  0x01f0-0x01f7]
[    5.089969] pci 0000:00:01.1: legacy IDE quirk: reg 0x14: [io  0x03f6]
[    5.148418] pci 0000:00:01.1: legacy IDE quirk: reg 0x18: [io  0x0170-0x0177]
[    5.232603] pci 0000:00:01.1: legacy IDE quirk: reg 0x1c: [io  0x0376]
[    5.304598] pci 0000:00:07.0: quirk: [io  0x4000-0x403f] claimed by PIIX4 ACPI
[    5.375893] pci 0000:00:07.0: quirk: [io  0x4100-0x410f] claimed by PIIX4 SMB
[    5.403160] ACPI: PCI Interrupt Link [LNKA] (IRQs 5 9 10 *11)
[    5.465257] ACPI: PCI Interrupt Link [LNKB] (IRQs 5 9 10 *11)
[    5.505973] ACPI: PCI Interrupt Link [LNKC] (IRQs 5 9 *10 11)
[    5.570745] ACPI: PCI Interrupt Link [LNKD] (IRQs 5 *9 10 11)
[    5.624163] ACPI: Enabled 2 GPEs in block 00 to 07
[    5.670127] vgaarb: setting as boot device: PCI:0000:00:02.0
[    5.729679] vgaarb: device added: PCI:0000:00:02.0,decodes=io+mem,owns=io+mem,locks=none
[    5.731855] vgaarb: loaded
[    5.753560] vgaarb: bridge control possible 0000:00:02.0
[    5.790919] SCSI subsystem initialized
[    5.803056] ACPI: bus type USB registered
[    5.816272] usbcore: registered new interface driver usbfs
[    5.852750] usbcore: registered new interface driver hub
[    5.897091] usbcore: registered new device driver usb
[    5.944594] PCI: Using ACPI for IRQ routing
[    5.996496] NetLabel: Initializing
[    6.022103] NetLabel:  domain hash size = 128
[    6.051552] NetLabel:  protocols = UNLABELED CIPSOv4
[    6.097950] NetLabel:  unlabeled traffic allowed by default
[    6.116163] amd_nb: Cannot enumerate AMD northbridges
[    6.178667] clocksource: Switched to clocksource kvm-clock
[    6.263613] AppArmor: AppArmor Filesystem Enabled
[    6.354363] pnp: PnP ACPI init
[    6.414861] pnp: PnP ACPI: found 3 devices
[    6.518889] clocksource: acpi_pm: mask: 0xffffff max_cycles: 0xffffff, max_idle_ns: 2085701024 ns
[    6.686855] NET: Registered protocol family 2
[    6.750739] TCP established hash table entries: 8192 (order: 4, 65536 bytes)
[    6.874250] TCP bind hash table entries: 8192 (order: 5, 131072 bytes)
[    6.959670] TCP: Hash tables configured (established 8192 bind 8192)
[    7.006169] UDP hash table entries: 512 (order: 2, 16384 bytes)
[    7.017826] UDP-Lite hash table entries: 512 (order: 2, 16384 bytes)
[    7.123462] NET: Registered protocol family 1
[    7.145292] pci 0000:00:00.0: Limiting direct PCI/PCI transfers
[    7.152827] pci 0000:00:01.0: Activating ISA DMA hang workarounds
[    7.261526] Unpacking initramfs...
[    9.434332] Freeing initrd memory: 10840K (ffff880036ac4000 - ffff88003755a000)
[    9.448852] RAPL PMU detected, API unit is 2^-32 Joules, 4 fixed counters 10737418240 ms ovfl timer
[    9.462935] hw unit of domain pp0-core 2^-0 Joules
[    9.572746] hw unit of domain package 2^-0 Joules
[    9.615258] hw unit of domain dram 2^-0 Joules
[    9.646274] hw unit of domain pp1-gpu 2^-0 Joules
[    9.690995] platform rtc_cmos: registered platform RTC device (no PNP device found)
[    9.769428] Scanning for low memory corruption every 60 seconds
[    9.861930] audit: initializing netlink subsys (disabled)
[    9.908817] audit: type=2000 audit(1502802930.453:1): initialized
[    9.961347] Initialise system trusted keyring
[    9.975766] HugeTLB registered 2 MB page size, pre-allocated 0 pages
[   10.008609] zbud: loaded
[   10.009792] VFS: Disk quotas dquot_6.6.0
[   10.028147] VFS: Dquot-cache hash table entries: 512 (order 0, 4096 bytes)
[   10.064200] squashfs: version 4.0 (2009/01/31) Phillip Lougher
[   10.123640] fuse init (API version 7.23)
[   10.202646] Key type big_key registered
[   10.264598] Allocating IMA MOK and blacklist keyrings.
[   10.384350] Key type asymmetric registered
[   10.419441] Asymmetric key parser 'x509' registered
[   10.459690] Block layer SCSI generic (bsg) driver version 0.4 loaded (major 249)
[   10.509109] io scheduler noop registered
[   10.515949] io scheduler deadline registered (default)
[   10.599838] io scheduler cfq registered
[   10.612812] pci_hotplug: PCI Hot Plug PCI Core version: 0.5
[   10.614515] pciehp: PCI Express Hot Plug Controller Driver version: 0.4
[   10.695184] tsc: Refined TSC clocksource calibration: 1599.208 MHz
[   10.703450] ACPI: AC Adapter [AC] (off-line)
[   10.703523] input: Power Button as /devices/LNXSYSTM:00/LNXPWRBN:00/input/input0
[   10.703526] ACPI: Power Button [PWRF]
[   10.703631] input: Sleep Button as /devices/LNXSYSTM:00/LNXSLPBN:00/input/input1
[   10.703633] ACPI: Sleep Button [SLPF]
[   10.722837] GHES: HEST is not enabled!
[   10.724257] ACPI: Battery Slot [BAT0] (battery present)
[   10.724327] Serial: 8250/16550 driver, 32 ports, IRQ sharing enabled
[   10.818530] 00:02: ttyS0 at I/O 0x3f8 (irq = 4, base_baud = 115200) is a 16550A
[   10.899734] Linux agpgart interface v0.103
[   11.022171] loop: module loaded
[   11.022748] scsi host0: ata_piix
[   11.022807] scsi host1: ata_piix
[   11.022840] ata1: PATA max UDMA/33 cmd 0x1f0 ctl 0x3f6 bmdma 0xd000 irq 14
[   11.022840] ata2: PATA max UDMA/33 cmd 0x170 ctl 0x376 bmdma 0xd008 irq 15
[   11.022919] libphy: Fixed MDIO Bus: probed
[   11.022921] tun: Universal TUN/TAP device driver, 1.6
[   11.022922] tun: (C) 1999-2004 Max Krasnyansky <maxk@qualcomm.com>
[   11.023272] PPP generic driver version 2.4.2
[   11.023333] ehci_hcd: USB 2.0 'Enhanced' Host Controller (EHCI) Driver
[   11.023338] ehci-pci: EHCI PCI platform driver
[   11.023355] ehci-platform: EHCI generic platform driver
[   11.023364] ohci_hcd: USB 1.1 'Open' Host Controller (OHCI) Driver
[   11.023367] ohci-pci: OHCI PCI platform driver
[   11.023375] ohci-platform: OHCI generic platform driver
[   11.023384] uhci_hcd: USB Universal Host Controller Interface driver
[   11.023442] i8042: PNP: PS/2 Controller [PNP0303:PS2K,PNP0f03:PS2M] at 0x60,0x64 irq 1,12
[   11.064739] serio: i8042 KBD port at 0x60,0x64 irq 1
[   11.064745] serio: i8042 AUX port at 0x60,0x64 irq 12
[   11.064900] mousedev: PS/2 mouse device common for all mice
[   11.065258] rtc_cmos rtc_cmos: rtc core: registered rtc_cmos as rtc0
[   11.065319] rtc_cmos rtc_cmos: alarms up to one day, 114 bytes nvram
[   11.065326] i2c /dev entries driver
[   11.065391] device-mapper: uevent: version 1.0.3
[   11.065447] device-mapper: ioctl: 4.34.0-ioctl (2015-10-28) initialised: dm-devel@redhat.com
[   11.065467] ledtrig-cpu: registered to indicate activity on CPUs
[   11.065745] NET: Registered protocol family 10
[   11.065899] NET: Registered protocol family 17
[   11.065907] Key type dns_resolver registered
[   11.066309] microcode: CPU0 sig=0x306d4, pf=0x40, revision=0x0
[   11.066317] microcode: CPU1 sig=0x306d4, pf=0x40, revision=0x0
[   11.066391] microcode: Microcode Update Driver: v2.01 <tigran@aivazian.fsnet.co.uk>, Peter Oruba
[   11.066517] registered taskstats version 1
[   11.066532] Loading compiled-in X.509 certificates
[   11.067261] Loaded X.509 cert 'Build time autogenerated kernel key: 420a71e958a947963108b13c1c2e45412a03ca90'
[   11.067279] zswap: loaded using pool lzo/zbud
[   11.069195] Key type trusted registered
[   11.071755] Key type encrypted registered
[   11.071762] AppArmor: AppArmor sha1 policy hashing enabled
[   11.071764] ima: No TPM chip found, activating TPM-bypass!
[   11.071783] evm: HMAC attrs: 0x1
[   11.072196]   Magic number: 13:237:281
[   11.072198]   hash matches /build/linux-YaBj6t/linux-4.4.0/drivers/base/power/main.c:740
[   11.072220] tty tty18: hash matches
[   11.080828] rtc_cmos rtc_cmos: setting system clock to 2017-08-15 13:15:32 UTC (1502802932)
[   11.080973] BIOS EDD facility v0.16 2004-Jun-25, 0 devices found
[   11.080974] EDD information not available.
[   11.224694] input: AT Translated Set 2 keyboard as /devices/platform/i8042/serio0/input/input2
[   12.692800] clocksource: tsc: mask: 0xffffffffffffffff max_cycles: 0x170d38d6ac1, max_idle_ns: 440795272728 ns
[   12.732907] Freeing unused kernel memory: 1488K (ffffffff81f45000 - ffffffff820b9000)
[   12.761125] Write protecting the kernel read-only data: 14336k
[   12.763039] Freeing unused kernel memory: 1752K (ffff88000184a000 - ffff880001a00000)
[   12.765136] Freeing unused kernel memory: 112K (ffff880001de4000 - ffff880001e00000)
Loading, please [   12.783303] random: systemd-udevd: uninitialized urandom read (16 bytes read, 7 bits of entropy available)
wait...
startin[   12.783998] random: udevadm: uninitialized urandom read (16 bytes read, 7 bits of entropy available)
g version 229
[   12.784037] random: udevadm: uninitialized urandom read (16 bytes read, 7 bits of entropy available)
[   12.784153] random: udevadm: uninitialized urandom read (16 bytes read, 7 bits of entropy available)
[   12.784196] random: udevadm: uninitialized urandom read (16 bytes read, 7 bits of entropy available)
[   12.784249] random: udevadm: uninitialized urandom read (16 bytes read, 7 bits of entropy available)
[   12.784292] random: udevadm: uninitialized urandom read (16 bytes read, 7 bits of entropy available)
[   12.784333] random: udevadm: uninitialized urandom read (16 bytes read, 7 bits of entropy available)
[   12.784382] random: udevadm: uninitialized urandom read (16 bytes read, 7 bits of entropy available)
[   12.784442] random: udevadm: uninitialized urandom read (16 bytes read, 7 bits of entropy available)
[   13.674474] Fusion MPT base driver 3.04.20
[   13.675005] e1000: Intel(R) PRO/1000 Network Driver - version 7.3.21-k8-NAPI
[   13.675006] e1000: Copyright (c) 1999-2006 Intel Corporation.
[   13.776775] Copyright (c) 1999-2008 LSI Corporation
[   13.797158] Fusion MPT SPI Host driver 3.04.20
[   13.813218] AVX version of gcm_enc/dec engaged.
[   13.823162] AES CTR mode by8 optimization enabled
[   14.014826] input: ImExPS/2 Generic Explorer Mouse as /devices/platform/i8042/serio1/input/input4
[   14.106918] e1000 0000:00:03.0 eth0: (PCI:33MHz:32-bit) 02:c0:e2:3c:71:11
[   14.178473] e1000 0000:00:03.0 eth0: Intel(R) PRO/1000 Network Connection
[   14.227959] mptbase: ioc0: Initiating bringup
[   14.319098] ioc0: LSI53C1030 A0: Capabilities={Initiator}
[   14.553343] scsi host2: ioc0: LSI53C1030 A0, FwRev=00000000h, Ports=1, MaxQ=256, IRQ=20
[   14.806467] scsi 2:0:0:0: Direct-Access     VBOX     HARDDISK         1.0  PQ: 0 ANSI: 5
[   14.836995] scsi target2:0:0: Beginning Domain Validation
[   14.882936] scsi target2:0:0: Domain Validation skipping write tests
[   14.895614] scsi target2:0:0: Ending Domain Validation
[   14.911122] scsi target2:0:0: asynchronous
[   14.913266] scsi 2:0:1:0: Direct-Access     VBOX     HARDDISK         1.0  PQ: 0 ANSI: 5
[   14.920292] scsi target2:0:1: Beginning Domain Validation
[   14.925335] scsi target2:0:1: Domain Validation skipping write tests
[   14.928274] scsi target2:0:1: Ending Domain Validation
[   14.929883] scsi target2:0:1: asynchronous
[   14.943405] sd 2:0:0:0: Attached scsi generic sg0 type 0
[   14.946245] sd 2:0:0:0: [sda] 20971520 512-byte logical blocks: (10.7 GB/10.0 GiB)
[   14.949017] sd 2:0:1:0: [sdb] 20480 512-byte logical blocks: (10.5 MB/10.0 MiB)
[   14.951300] sd 2:0:0:0: [sda] Write Protect is off
[   14.954919] sd 2:0:1:0: Attached scsi generic sg1 type 0
[   14.956541] sd 2:0:1:0: [sdb] Write Protect is off
[   14.958217] sd 2:0:1:0: [sdb] Incomplete mode parameter data
[   14.959909] sd 2:0:1:0: [sdb] Assuming drive cache: write through
[   14.961722] sd 2:0:0:0: [sda] Incomplete mode parameter data
[   14.963428] sd 2:0:0:0: [sda] Assuming drive cache: write through
[   14.968183] sd 2:0:1:0: [sdb] Attached SCSI disk
[   14.971731]  sda: sda1
[   14.975138] sd 2:0:0:0: [sda] Attached SCSI disk
[   15.211931] e1000 0000:00:08.0 eth1: (PCI:33MHz:32-bit) 08:00:27:9f:d5:4f
[   15.213641] e1000 0000:00:08.0 eth1: Intel(R) PRO/1000 Network Connection
[   15.217470] e1000 0000:00:03.0 enp0s3: renamed from eth0
[   15.243568] e1000 0000:00:08.0 enp0s8: renamed from eth1
[   16.851239] floppy0: no floppy controllers found
Begin: Loading e[   18.382713] md: linear personality registered for level -1
ssential drivers ... [   18.397935] md: multipath personality registered for level -4
[   18.410312] md: raid0 personality registered for level 0
[   18.452908] md: raid1 personality registered for level 1
[   18.530698] raid6: sse2x1   gen()  7092 MB/s
[   18.603150] raid6: sse2x1   xor()  5554 MB/s
[   18.678760] raid6: sse2x2   gen()  9279 MB/s
[   18.790889] raid6: sse2x2   xor()  5818 MB/s
[   18.910704] raid6: sse2x4   gen() 10779 MB/s
[   19.014744] raid6: sse2x4   xor()  7674 MB/s
[   19.063328] raid6: using algorithm sse2x4 gen() 10779 MB/s
[   19.113173] raid6: .... xor() 7674 MB/s, rmw enabled
[   19.163348] raid6: using ssse3x2 recovery algorithm
[   19.207683] xor: automatically using best checksumming function:
[   19.302710]    avx       : 14440.000 MB/sec
[   19.325911] async_tx: api initialized (async)
[   19.372058] md: raid6 personality registered for level 6
[   19.395313] md: raid5 personality registered for level 5
[   19.447544] md: raid4 personality registered for level 4
[   19.522315] md: raid10 personality registered for level 10
done.
Begin: Running /scripts/init-premount ... done.
Begin: Mounti[   19.617329] Btrfs loaded
ng root file system ... Begin: Running /scripts/local-top ... done.
Begin: Running /scripts/local-premount ... Scanning for Btrfs filesystems
done.
Warning: fsck no[   19.708165] EXT4-fs (sda1): mounted filesystem with ordered data mode. Opts: (null)
t present, so skipping root file system
done.
Begin: Running /scripts/local-bottom ... done.
Begin: Running /scripts/init-bottom ... done.
[   19.884621] systemd[1]: systemd 229 running in system mode. (+PAM +AUDIT +SELINUX +IMA +APPARMOR +SMACK +SYSVINIT +UTMP +LIBCRYPTSETUP +GCRYPT +GNUTLS +ACL +XZ -LZ4 +SECCOMP +BLKID +ELFUTILS +KMOD -IDN)
[   20.040493] systemd[1]: Detected virtualization oracle.
[   20.099378] systemd[1]: Detected architecture x86-64.

Welcome to [1mUbuntu 16.04.3 LTS[0m!

[   20.159854] systemd[1]: Set hostname to <ubuntu>.
[   20.251097] systemd[1]: Initializing machine ID from random generator.
[   20.311524] systemd[1]: Installed transient /etc/machine-id file.
[   20.517313] systemd[1]: Reached target Swap.
[[0;32m  OK  [0m] Reached target Swap.
[   20.591413] systemd[1]: Listening on LVM2 metadata daemon socket.
[[0;32m  OK  [0m] Listening on LVM2 metadata daemon socket.
[   20.617091] systemd[1]: Listening on Journal Socket.
[[0;32m  OK  [0m] Listening on Journal Socket.
[   20.667276] systemd[1]: Listening on LVM2 poll daemon socket.
[[0;32m  OK  [0m] Listening on LVM2 poll daemon socket.
[   20.703435] systemd[1]: Reached target Encrypted Volumes.
[[0;32m  OK  [0m] Reached target Encrypted Volumes.
[   20.782499] systemd[1]: Started Forward Password Requests to Wall Directory Watch.
[[0;32m  OK  [0m] Started Forward Password Requests to Wall Directory Watch.
[   20.888753] systemd[1]: Created slice System Slice.
[[0;32m  OK  [0m] Created slice System Slice.
[   20.995272] systemd[1]: Starting Nameserver information manager...
         Starting Nameserver information manager...
[   21.091475] systemd[1]: Mounting POSIX Message Queue File System...
[   21.128442] random: nonblocking pool is initialized
         Mounting POSIX Message Queue File System...
[   21.224587] systemd[1]: Starting Remount Root and Kernel File Systems...
         Starting Remount[   21.324913] EXT4-fs (sda1): re-mounted. Opts: (null)
 Root and Kernel File Systems...
[   21.399378] systemd[1]: Reached target User and Group Name Lookups.
[[0;32m  OK  [0m] Reached target User and Group Name Lookups.
[   21.527431] systemd[1]: Starting Uncomplicated firewall...
         Starting Uncomplicated firewall...
[   21.587268] systemd[1]: Listening on Journal Socket (/dev/log).
[[0;32m  OK  [0m] Listening on Journal Socket (/dev/log).
[   21.647271] systemd[1]: Starting Load Kernel Modules...
         Starting Load Ke[   21.706538] Loading iSCSI transport class v2.0-870.
rnel Modules...
[   21.761420] systemd[1]: Set up automount Arbitrary Executable File Formats File System Automount Point.
[[0;32m  OK  [0m] Set up automount Arbitrary Executab...ats File System Automount Point.
[   21.861358] iscsi: registered transport (tcp)
[   21.942948] systemd[1]: Listening on /dev/initctl Compatibility Named Pipe.
[[0;32m  OK  [0m] Listening on /dev/initctl Compatibility Named Pipe.
[   22.023186] systemd[1]: Mounting Debug File System...
[   22.033895] iscsi: registered transport (iser)
         Mounting Debug File System...
[   22.079490] systemd[1]: Mounting Huge Pages File System...
         Mounting Huge Pages File System...
[   22.163284] systemd[1]: Listening on udev Kernel Socket.
[[0;32m  OK  [0m] Listening on udev Kernel Socket.
[   22.303362] systemd[1]: Started Trigger resolvconf update for networkd DNS.
[[0;32m  OK  [0m] Started Trigger resolvconf update for networkd DNS.
[   22.439192] systemd[1]: Starting Set console keymap...
         Starting Set console keymap...
[   22.554970] systemd[1]: Listening on Syslog Socket.
[[0;32m  OK  [0m] Listening on Syslog Socket.
[   22.560867] systemd[1]: Created slice User and Session Slice.
[[0;32m  OK  [0m] Created slice User and Session Slice.
[   22.643102] systemd[1]: Reached target Slices.
[[0;32m  OK  [0m] Reached target Slices.
[   22.678977] systemd[1]: Starting Create list of required static device nodes for the current kernel...
         Starting Create list of required st... nodes for the current kernel...
[   22.836022] systemd[1]: Listening on Device-mapper event daemon FIFOs.
[[0;32m  OK  [0m] Listening on Device-mapper event daemon FIFOs.
[   22.883556] systemd[1]: Starting Monitoring of LVM2 mirrors, snapshots etc. using dmeventd or progress polling...
         Starting Monitoring of LVM2 mirrors... dmeventd or progress polling...
[   22.995410] systemd[1]: Listening on Journal Audit Socket.
[[0;32m  OK  [0m] Listening on Journal Audit Socket.
[   23.083710] systemd[1]: Starting Journal Service...
         Starting Journal Service...
[   23.160019] systemd[1]: Created slice system-serial\x2dgetty.slice.
[[0;32m  OK  [0m] Created slice system-serial\x2dgetty.slice.
[   23.223836] systemd[1]: Listening on udev Control Socket.
[[0;32m  OK  [0m] Listening on udev Control Socket.
[   23.372122] systemd[1]: Mounted POSIX Message Queue File System.
[[0;32m  OK  [0m] Mounted POSIX Message Queue File System.
[   23.447069] systemd[1]: Mounted Huge Pages File System.
[[0;32m  OK  [0m] Mounted Huge Pages File System.
[   23.499242] systemd[1]: Mounted Debug File System.
[[0;32m  OK  [0m] Mounted Debug File System.
[   23.627393] systemd[1]: Started Journal Service.
[[0;32m  OK  [0m] Started Journal Service.
[[0;32m  OK  [0m] Started Remount Root and Kernel File Systems.
[[0;32m  OK  [0m] Started Uncomplicated firewall.
[[0;32m  OK  [0m] Started Load Kernel Modules.
[[0;32m  OK  [0m] Started Set console keymap.
[[0;32m  OK  [0m] Started Create list of required sta...ce nodes for the current kernel.
[[0;32m  OK  [0m] Started Nameserver information manager.
[[0;32m  OK  [0m] Started LVM2 metadata daemon.
         Starting Create Static Device Nodes in /dev...
         Mounting FUSE Control File System...
         Starting Apply Kernel Variables...
         Starting Load/Save Random Seed...
         Starting udev Coldplug all Devices...
         Starting Initial cloud-init job (pre-networking)...
         Starting Flush Journal to Persistent Storage...
[[0;32m  OK  [0m] Mounted FUSE Control File System.
[[0;32m  OK  [0m] Started Monitoring of LVM2 mirrors,...ng dmeventd or progress polling.
[[0;32m  OK  [0m] Started Create Static Device Nodes in /dev.
[[0;32m  OK  [0m] Started Apply Kernel Variables.
[[0;32m  OK  [0m] Started Load/Save Random Seed.
[[0;32m  OK  [0m] Started udev Coldplug all Devices.
[[0;32m  OK  [0m] Started Flush Journal to Persistent Storage.
         Starting udev Kernel Device Manager...
[[0;32m  OK  [0m] Started udev Kernel Device Manager.
[[0;32m  OK  [0m] Started Dispatch Password Requests to Console Directory Watch.
[[0;32m  OK  [0m] Reached target Local File Systems (Pre).
[[0;32m  OK  [0m] Reached target Local File Systems.
         Starting LSB: AppArmor initialization...
         Starting Create Volatile Files and Directories...
         Starting Commit a transient machine-id on disk...
         Starting Set console font and keymap...
         Starting Tell Plymouth To Write Out Runtime Data...
[[0;32m  OK  [0m] Started Create Volatile Files and Directories.
[[0;32m  OK  [0m] Started Commit a transient machine-id on disk.
[[0;32m  OK  [0m] Started Tell Plymouth To Write Out Runtime Data.
[[0;32m  OK  [0m] Found device /dev/ttyS0.
[[0;32m  OK  [0m] Reached target System Time Synchronized.
         Starting Update UTMP about System Boot/Shutdown...
[[0;32m  OK  [0m] Started Update UTMP about System Boot/Shutdown.
[[0;32m  OK  [0m] Listening on Load/Save RF Kill Switch Status /dev/rfkill Watch.
[   20.560696] cloud-init[462]: Cloud-init v. 0.7.9 running 'init-local' at Tue, 15 Aug 2017 13:15:47 +0000. Up 20.06 seconds.
[[0;32m  OK  [0m] Started Initial cloud-init job (pre-networking).
[[0;32m  OK  [0m] Started LSB: AppArmor initialization.
[[0;32m  OK  [0m] Reached target Network (Pre).
         Starting Raise network interfaces...
[[0;32m  OK  [0m] Started Set console font and keymap.
[[0;32m  OK  [0m] Created slice system-getty.slice.
[[0;32m  OK  [0m] Started Raise network interfaces.
[[0;32m  OK  [0m] Reached target Network.
         Starting Initial cloud-init job (metadata service crawler)...
[   23.703981] cloud-init[955]: Cloud-init v. 0.7.9 running 'init' at Tue, 15 Aug 2017 13:15:49 +0000. Up 22.86 seconds.
[   23.776633] cloud-init[955]: ci-info: ++++++++++++++++++++++++++++++++++++++Net device info++++++++++++++++++++++++++++++++++++++
[   23.777211] cloud-init[955]: ci-info: +--------+-------+----------------------------+---------------+-------+-------------------+
[[0;32m  OK  [0m] Started Initial cloud-init job (metadata service crawler).
[   23.777782] cloud-init[955]: ci-info: | Device |   Up  |          Address           |      Mask     | Scope |     Hw-Address    |
[   23.988678] cloud-init[955]: ci-info: +--------+-------+----------------------------+---------------+-------+-------------------+
[   23.989111] cloud-init[955]: ci-info: | enp0s8 | False |             .              |       .       |   .   | 08:00:27:9f:d5:4f |
[[0;32m  OK  [0m] Reached target System Initialization.
[   23.989346] cloud-init[955]: ci-info: | enp0s3 |  True |         10.0.2.15          | 255.255.255.0 |   .   | 02:c0:e2:3c:71:11 |
[   24.064417] cloud-init[955]: ci-info: | enp0s3 |  True | fe80::c0:e2ff:fe3c:7111/64 |       .       |  link | 02:c0:e2:3c:71:11 |
[   24.065012] [cloud-init[0;32m  OK  [0m[955]: ] ci-info: |   lo   |  True |         127.0.0.1          |   255.0.0.0   |   .   |         .         |Started ACPI Events Check.

[   24.066209] cloud-init[955]: ci-info: |   lo   |  True |          ::1/128           |       .       |  host |         .         |
[[0;32m  OK  [0m] Reached target Paths.
[   24.184208] cloud-init[955]: ci-info: +--------+-------+----------------------------+---------------+-------+-------------------+
[   24.344669] cloud-init[955]: ci-info: +++++++++++++++++++++++++++Route IPv4 info++++++++++++++++++++++++++++
[   24.345215] cloud-init[955]: ci-info: +-------+-------------+----------+---------------+-----------+-------+
         Starting LXD - unix socket.
[[   24.345572] cloud-init[955]: ci-info: | Route | Destination | Gateway  |    Genmask    | Interface | Flags |
[   24.513580] cloud-init[955]: ci-info: +-------+-------------+----------+---------------+-----------+-------+
[   24.513921] cloud-init[955]: ci-info: |   0   |   0.0.0.0   | 10.0.2.2 |    0.0.0.0    |   enp0s3  |   UG  |
[0;32m  OK  [0m] Listening on UUID daemon activation socket.
[[   24.514557] cloud-init[955]: ci-info: |   1   |   10.0.2.0  | 0.0.0.0  | 255.255.255.0 |   enp0s3  |   U   |
[   24.777795] cloud-init[955]: ci-info: +-------+-------------+----------+---------------+-----------+-------+
[0;32m  OK  [0m] Listening on ACPID Listen Socket.
[[   24.778297] cloud-init[955]: Generating public/private rsa key pair.
[   24.925230] cloud-init[955]: Your identification has been saved in /etc/ssh/ssh_host_rsa_key.
[0;32m  OK  [0m] Listening on D-Bus System Message Bus Socket.
[[   24.925377] cloud-init[955]: Your public key has been saved in /etc/ssh/ssh_host_rsa_key.pub.
[   25.065731] cloud-init[955]: The key fingerprint is:
[0;32m  OK  [0m] Started Daily Cleanup of Temporary Directories.
[   25.065945] cloud-init[955]: SHA256:7uVrStEwyYy+TbKQt5LBp2NutucVLlRjWLE2CqTBCe0 root@ubuntu-xenial
[   25.164919] cloud-init[955]: The key's randomart image is:
[   25.165445] cloud-init[955]: +---[RSA 2048]----+
[[0;32m  OK  [0m] Started Timer to automatically refresh installed snaps.
[   25.166030] cloud-init[955]: |.+...   o.       |
[   25.294935] cloud-init[955]: |  ++   * o       |
[   25.295644] cloud-init[955]: | .. . o &        |
         Starting Socket activation for snappy daemon.
[[   25.295927] cloud-init[955]: |  E. + = *       |
[   25.362043] cloud-init[955]: |    = B S .      |
[   25.362367] cloud-init[955]: |     O X o       |
[   25.362701] cloud-init[955]: |    * = * .      |
[0;32m  OK  [0m] Reached target Network is Online.
[   25.363404] cloud-init[955]: |   ooo.= o.      |
[   25.528972] cloud-init[955]: |   oo+. ooo.     |
[   25.529273] cloud-init[955]: +----[SHA256]-----+
         Starting iSCSI initiator daemon (iscsid)...
[[   25.529528] cloud-init[955]: Generating public/private dsa key pair.
[   25.569321] cloud-init[955]: Your identification has been saved in /etc/ssh/ssh_host_dsa_key.
[0;32m  OK  [0m] Started Daily apt download activities.
[[   25.569550] cloud-init[955]: Your public key has been saved in /etc/ssh/ssh_host_dsa_key.pub.
[   25.709385] cloud-init[955]: The key fingerprint is:
[0;32m  OK  [0m] Started Daily apt upgrade and clean activities.
[   25.709548] cloud-init[955]: SHA256:AX5zsbOIdRF4/BYrYvNaDTJpowGU+msmH0zI5VBzJKs root@ubuntu-xenial
[   25.872859] cloud-init[955]: The key's randomart image is:
[[0;32m  OK  [0m] Reached target Timers.
[   25.873046] cloud-init[955]: +---[DSA 1024]----+
[   25.885643] cloud-init[955]: |   .=o+  o+.     |
[   25.886039] cloud-init[955]: |   .o* .. o+.    |
[   25.886276] cloud-init[955]: |  ..o.. =o=. o   |
[[0;32m  OK  [0m] Reached target Cloud-config availability.
[   25.886659] cloud-init[955]: | ..*  .+X*oo+    |
[   25.905267] cloud-init[955]: |  E.o .=SB.=     |
[   25.905680] cloud-init[955]: |   o. .   o .    |
[   25.905907] cloud-init[955]: |    o.   o       |
[[0;32m  OK  [0m] Listening on LXD - unix socket.
[   25.906133] cloud-init[955]: |  . +.  .        |
[   25.918559] cloud-init[955]: |   =.            |
[   25.918963] cloud-init[955]: +----[SHA256]-----+
[   25.919196] cloud-init[955]: Generating public/private ecdsa key pair.
[[0;32m  OK  [0m] Listening on Socket activation for snappy daemon.
[   25.919423] cloud-init[955]: Your identification has been saved in /etc/ssh/ssh_host_ecdsa_key.
[   25.946981] cloud-init[955]: Your public key has been saved in /etc/ssh/ssh_host_ecdsa_key.pub.
[   25.952952] cloud-init[955]: The key fingerprint is:
[   25.955736] cloud-init[955]: SHA256:MTO4bFYaLG6xsPIdiYu4ZV7fZdISjMkj/PYamPq7bIE root@ubuntu-xenial
[   25.956288] cloud-init[955]: The key's randomart image is:
[[0;32m  OK  [0m] Started iSCSI initiator daemon (iscsid).
[   25.956516] cloud-init[955]: +---[ECDSA 256]---+
[   25.982864] cloud-init[955]: |                 |
[   25.983272] cloud-init[955]: |     . .         |
         Starting Login to default iSCSI targets...
[   25.983500] cloud-init[955]: |  . o + *        |
[   25.988056] cloud-init[955]: |   * B O =       |
[   25.988240] cloud-init[955]: |. o.O @ S        |
[   25.988471] cloud-init[955]: |.+E+.O . o       |
[   25.988706] cloud-init[955]: |o = =.+ o +      |
[   25.988943] cloud-init[955]: | = +.o + =       |
[   25.989178] cloud-init[955]: |. oo=oo.o        |
[   25.989413] cloud-init[955]: +----[SHA256]-----+
[   25.989650] cloud-init[955]: Generating public/private ed25519 key pair.
[   25.989883] cloud-init[955]: Your identification has been saved in /etc/ssh/ssh_host_ed25519_key.
[   25.990119] cloud-init[955]: Your public key has been saved in /etc/ssh/ssh_host_ed25519_key.pub.
[[0;32m  OK  [0m] [   25.990155] Reached target Sockets.cloud-init
[955]: The key fingerprint is:
[   25.990192] cloud-init[955]: SHA256:dSZwUfmjwEYzxdC5EGVwPsJTuIl1eXx8iJlVN/QDrR8 root@ubuntu-xenial
[   26.028955] cloud-init[955]: The key's randomart image is:
[[0;32m  OK  [0m] Reached target Basic System.
[   26.029143] cloud-init[955]: +--[ED25519 256]--+
[   26.039248] cloud-init[955]: |        . *%B@+*o|
[   26.043215] cloud-init[955]: |         +B=@ =.B|
[   26.045864] cloud-init[955]: |         =*B=+.oo|
         Starting Pollinate to seed the pseudo random number generator...
[   26.063018] cloud-init[955]: |        ..**.ooE.|
[   26.144427] cloud-init[955]: |        S. . ....|
[   26.144866] cloud-init[955]: |            .  . |
[[0;32m  OK  [0m] Started ACPI event daemon.
[   26.144987] cloud-init[955]: |                 |
[   26.204536] cloud-init[955]: |                 |
         Starting System Logging Service...
[   26.205339] cloud-init[955]: |                 |
[   26.281227] cloud-init[955]: +----[SHA256]-----+
         Starting /etc/rc.local Compatibility...
         Starting Accounts Service...
         Starting LSB: MD monitoring daemon...
[[0;32m  OK  [0m] Started Unattended Upgrades Shutdown.
         Starting Apply the settings specified in cloud-config...
[[0;32m  OK  [0m] Started D-Bus System Message Bus.
[[0;32m  OK  [0m] Started Snappy daemon.
         Starting LSB: Record successful boot for GRUB...
[[0;32m  OK  [0m] Started Deferred execution scheduler.
         Starting Login Service...
[[0;32m  OK  [0m] Started FUSE filesystem for LXC.
[[0;32m  OK  [0m] Started Regular background program processing daemon.
         Starting LXD - container startup/shutdown...
         Starting Auto import assertions from block devices...
[[0;32m  OK  [0m] Started System Logging Service.
[[0;32m  OK  [0m] Started Pollinate to seed the pseudo random number generator.
[[0;32m  OK  [0m] Started /etc/rc.local Compatibility.
[[0;32m  OK  [0m] Started LXD - container startup/shutdown.
[[0;32m  OK  [0m] Started Auto import assertions from block devices.
[[0;32m  OK  [0m] Started Login to default iSCSI targets.
[[0;32m  OK  [0m] Started LSB: Record successful boot for GRUB.
[[0;32m  OK  [0m] Started LSB: MD monitoring daemon.
         Starting Authenticate and Authorize Users to Run Privileged Tasks...
[[0;32m  OK  [0m] Reached target Remote File Systems (Pre).
[[0;32m  OK  [0m] Reached target Remote File Systems.
[   27.061561] cloud-init[1110]: Generating locales (this might take a while)...
         Starting LSB: Set the CPU Frequency Scaling governor to "ondemand"...
         Starting LSB: automatic crash report generation...
         Starting LSB: daemon to balance interrupts for SMP systems...
         Starting Permit User Sessions...
         Starting LSB: VirtualBox Linux Additions...
         Starting OpenBSD Secure Shell server...
[[0;32m  OK  [0m] Started OpenBSD Secure Shell server.
[[0;32m  OK  [0m] Started Permit User Sessions.
[[0;32m  OK  [0m] Started Login Service.
[[0;32m  OK  [0m] Started Authenticate and Authorize Users to Run Privileged Tasks.
[[0;32m  OK  [0m] Started Accounts Service.
[[0;32m  OK  [0m] Started LSB: Set the CPU Frequency Scaling governor to "ondemand".
[[0;32m  OK  [0m] Started LSB: automatic crash report generation.
[[0;32m  OK  [0m] Started LSB: daemon to balance interrupts for SMP systems.
         Starting Hold until boot process finishes up...
         Starting Terminate Plymouth Boot Screen...
[[0;32m  OK  [0m] Started LSB: VirtualBox Linux Additions.
[[0;32m  OK  [0m] Started Hold until boot process finishes up.
[[0;32m  OK  [0m] Started Terminate Plymouth Boot Screen.
[[0;32m  OK  [0m] Started Serial Getty on ttyS0.
         Starting Set console scheme...
[[0;32m  OK  [0m] Started Getty on tty1.
[[0;32m  OK  [0m] Reached target Login Prompts.
[[0;32m  OK  [0m] Reached target Multi-User System.
[[0;32m  OK  [0m] Reached target Graphical Interface.
         Starting Update UTMP about System Runlevel Changes...
[[0;32m  OK  [0m[   28.072544] cloud-init[1110]:   en_US.UTF-8... done
[   28.076441] cloud-init[1110]: Generation complete.
] Started Set console scheme.
[[0;32m  OK  [0m] Started Update UTMP about System Runlevel Changes.
         Stopping OpenBSD Secure Shell server...
[[0;32m  OK  [0m] Stopped OpenBSD Secure Shell server.
         Starting OpenBSD Secure Shell server...
[[0;32m  OK  [0m] Started OpenBSD Secure Shell server.
[   28.713979] cloud-init[1110]: Cloud-init v. 0.7.9 running 'modules:config' at Tue, 15 Aug 2017 13:15:53 +0000. Up 26.93 seconds.
[[0;32m  OK  [0m] Started Apply the settings specified in cloud-config.
         Starting Execute cloud user/final scripts...
[[0;32m  OK  [0m] Created slice User Slice of ubuntu.
         Starting User Manager for UID 1000...
[[0;32m  OK  [0m] Started Session 1 of user ubuntu.
[[0;32m  OK  [0m] Started User Manager for UID 1000.
ci-info: no authorized ssh keys fingerprints found for user ubuntu.
<14>Aug 15 13:15:56 ec2: 
<14>Aug 15 13:15:56 ec2: #############################################################
<14>Aug 15 13:15:56 ec2: -----BEGIN SSH HOST KEY FINGERPRINTS-----
<14>Aug 15 13:15:56 ec2: 1024 SHA256:AX5zsbOIdRF4/BYrYvNaDTJpowGU+msmH0zI5VBzJKs root@ubuntu-xenial (DSA)
<14>Aug 15 13:15:56 ec2: 256 SHA256:MTO4bFYaLG6xsPIdiYu4ZV7fZdISjMkj/PYamPq7bIE root@ubuntu-xenial (ECDSA)
<14>Aug 15 13:15:56 ec2: 256 SHA256:dSZwUfmjwEYzxdC5EGVwPsJTuIl1eXx8iJlVN/QDrR8 root@ubuntu-xenial (ED25519)
<14>Aug 15 13:15:56 ec2: 2048 SHA256:7uVrStEwyYy+TbKQt5LBp2NutucVLlRjWLE2CqTBCe0 root@ubuntu-xenial (RSA)
<14>Aug 15 13:15:56 ec2: -----END SSH HOST KEY FINGERPRINTS-----
<14>Aug 15 13:15:56 ec2: #############################################################
-----BEGIN SSH HOST KEY KEYS-----
ecdsa-sha2-nistp256 AAAAE2VjZHNhLXNoYTItbmlzdHAyNTYAAAAIbmlzdHAyNTYAAABBBBHmQ82gcLqBEW+qNJhAkt2uuVBaQHB9iSWoNmKoHvV7fXgO6NTXYeE9VAChHr/1TAI5OgOZAA+7ssa6Fx8mBFY= root@ubuntu-xenial
ssh-ed25519 AAAAC3NzaC1lZDI1NTE5AAAAIBAdCh8881B1zZy2aHTFDNlPKmbmbCk9ncrrtwBYalbd root@ubuntu-xenial
ssh-rsa AAAAB3NzaC1yc2EAAAADAQABAAABAQDSeiMelvaton/bFbh/Z3zxslHfj/glVUSTCpiD2nsxusgTQdYrI5MyzF+NftxSVHj8aKCAjGYZsC77/8JL6p5uXwbVbbcCB8i1cIUM6576/BhXZp7pDG1DewTPgzb3ez5331Czra+LUGXxxLnuuhNsvWl0Uje4tTNV0Mj49CMGaCm/kBFWI6qGjqAEl9CiGSd3UTQwz7uveppQ4ykC5CR9v3FZo+hsTuKHV1Eo+Pc5BE32vqjAyzb2moRd9MO/gkUtOj40MuanhYRrfIFytAcNS68H3KCUVKGWZImZfRZ+IqvgBotTAv8tWBllSnjJW4m2hm9/UN/33LG983l/+Dc9 root@ubuntu-xenial
-----END SSH HOST KEY KEYS-----
[   29.746659] cloud-init[1320]: Cloud-init v. 0.7.9 running 'modules:final' at Tue, 15 Aug 2017 13:15:56 +0000. Up 29.19 seconds.
[   29.804762] cloud-init[1320]: ci-info: no authorized ssh keys fingerprints found for user ubuntu.
[   29.884832] cloud-init[1320]: Cloud-init v. 0.7.9 finished at Tue, 15 Aug 2017 13:15:56 +0000. Datasource DataSourceNoCloud [seed=/dev/sdb][dsmode=net].  Up 29.71 seconds
[[0;32m  OK  [0m] Started Execute cloud user/final scripts.
[[0;32m  OK  [0m] Reached target Cloud-init target.

Ubuntu 16.04.3 LTS ubuntu-xenial ttyS0

ubuntu-xenial login: 